{"/Users/miclo/fiximize/App.tsx": {"path":"/Users/miclo/fiximize/App.tsx","statementMap":{"0":{"start":{"line":11,"column":17},"end":{"line":25,"column":4}},"1":{"start":{"line":13,"column":20},"end":{"line":13,"column":69}},"2":{"start":{"line":14,"column":23},"end":{"line":14,"column":69}},"3":{"start":{"line":15,"column":6},"end":{"line":20,"column":8}},"4":{"start":{"line":27,"column":12},"end":{"line":35,"column":1}},"5":{"start":{"line":28,"column":2},"end":{"line":34,"column":4}}},"fnMap":{"0":{"name":"(anonymous_0)","decl":{"start":{"line":12,"column":13},"end":{"line":12,"column":14}},"loc":{"start":{"line":12,"column":34},"end":{"line":21,"column":5}},"line":12},"1":{"name":"(anonymous_1)","decl":{"start":{"line":27,"column":12},"end":{"line":27,"column":13}},"loc":{"start":{"line":27,"column":18},"end":{"line":35,"column":1}},"line":27}},"branchMap":{"0":{"loc":{"start":{"line":18,"column":25},"end":{"line":18,"column":55}},"type":"cond-expr","locations":[{"start":{"line":18,"column":33},"end":{"line":18,"column":50}},{"start":{"line":18,"column":53},"end":{"line":18,"column":55}}],"line":18}},"s":{"0":0,"1":0,"2":0,"3":0,"4":0,"5":0},"f":{"0":0,"1":0},"b":{"0":[0,0]},"hash":"dcc6f9e56b4d22c493d4c5917bbb0d8393c3840a"}
,"/Users/miclo/fiximize/config.ts": {"path":"/Users/miclo/fiximize/config.ts","statementMap":{},"fnMap":{},"branchMap":{},"s":{},"f":{},"b":{},"hash":"4c5c7e10b005432a47b9b92d7489d7117bdf7579"}
,"/Users/miclo/fiximize/environment.d.ts": {"path":"/Users/miclo/fiximize/environment.d.ts","statementMap":{},"fnMap":{},"branchMap":{},"s":{},"f":{},"b":{},"hash":"5e9b1473ebc1dd71b3525ec2ebc056cc6dc07de2"}
,"/Users/miclo/fiximize/app/App.tsx": {"path":"/Users/miclo/fiximize/app/App.tsx","statementMap":{"0":{"start":{"line":5,"column":12},"end":{"line":5,"column":41}}},"fnMap":{},"branchMap":{},"s":{"0":0},"f":{},"b":{},"hash":"6745d63346f807baa9bbbfb884cf6b625f4e3f3e"}
,"/Users/miclo/fiximize/app/common/LoggedInContext/LoggedInContext.ts": {"path":"/Users/miclo/fiximize/app/common/LoggedInContext/LoggedInContext.ts","statementMap":{"0":{"start":{"line":3,"column":24},"end":{"line":3,"column":47}},"1":{"start":{"line":5,"column":39},"end":{"line":5,"column":63}}},"fnMap":{},"branchMap":{},"s":{"0":0,"1":0},"f":{},"b":{},"hash":"54709ed8adc08ecf68160d981a1d8acb179c7beb"}
,"/Users/miclo/fiximize/app/common/LoggedInContext/LoggedInProvider.tsx": {"path":"/Users/miclo/fiximize/app/common/LoggedInContext/LoggedInProvider.tsx","statementMap":{"0":{"start":{"line":10,"column":17},"end":{"line":10,"column":41}},"1":{"start":{"line":12,"column":25},"end":{"line":39,"column":1}},"2":{"start":{"line":16,"column":28},"end":{"line":16,"column":49}},"3":{"start":{"line":18,"column":25},"end":{"line":24,"column":3}},"4":{"start":{"line":19,"column":24},"end":{"line":19,"column":73}},"5":{"start":{"line":21,"column":4},"end":{"line":23,"column":5}},"6":{"start":{"line":22,"column":6},"end":{"line":22,"column":21}},"7":{"start":{"line":26,"column":2},"end":{"line":30,"column":14}},"8":{"start":{"line":27,"column":4},"end":{"line":27,"column":42}},"9":{"start":{"line":28,"column":4},"end":{"line":28,"column":21}},"10":{"start":{"line":29,"column":4},"end":{"line":29,"column":58}},"11":{"start":{"line":29,"column":18},"end":{"line":29,"column":57}},"12":{"start":{"line":34,"column":2},"end":{"line":38,"column":4}}},"fnMap":{"0":{"name":"(anonymous_0)","decl":{"start":{"line":12,"column":25},"end":{"line":12,"column":26}},"loc":{"start":{"line":14,"column":32},"end":{"line":39,"column":1}},"line":14},"1":{"name":"(anonymous_1)","decl":{"start":{"line":18,"column":25},"end":{"line":18,"column":26}},"loc":{"start":{"line":18,"column":37},"end":{"line":24,"column":3}},"line":18},"2":{"name":"(anonymous_2)","decl":{"start":{"line":26,"column":18},"end":{"line":26,"column":19}},"loc":{"start":{"line":26,"column":24},"end":{"line":30,"column":3}},"line":26},"3":{"name":"(anonymous_3)","decl":{"start":{"line":29,"column":11},"end":{"line":29,"column":12}},"loc":{"start":{"line":29,"column":17},"end":{"line":29,"column":58}},"line":29}},"branchMap":{"0":{"loc":{"start":{"line":21,"column":4},"end":{"line":23,"column":5}},"type":"if","locations":[{"start":{"line":21,"column":4},"end":{"line":23,"column":5}},{"start":{"line":21,"column":4},"end":{"line":23,"column":5}}],"line":21}},"s":{"0":0,"1":0,"2":0,"3":0,"4":0,"5":0,"6":0,"7":0,"8":0,"9":0,"10":0,"11":0,"12":0},"f":{"0":0,"1":0,"2":0,"3":0},"b":{"0":[0,0]},"hash":"ec003ec415ad7870ec4fe60d46649d3873578330"}
,"/Users/miclo/fiximize/app/common/LoggedInContext/index.ts": {"path":"/Users/miclo/fiximize/app/common/LoggedInContext/index.ts","statementMap":{},"fnMap":{},"branchMap":{},"s":{},"f":{},"b":{},"hash":"f26446fd5bfa732cb056d7be887347a0e06f9ab6"}
,"/Users/miclo/fiximize/app/common/LoggedInContext/useLoggedIn.tsx": {"path":"/Users/miclo/fiximize/app/common/LoggedInContext/useLoggedIn.tsx","statementMap":{"0":{"start":{"line":5,"column":14},"end":{"line":5,"column":47}},"1":{"start":{"line":7,"column":2},"end":{"line":12,"column":3}},"2":{"start":{"line":8,"column":4},"end":{"line":11,"column":6}},"3":{"start":{"line":13,"column":2},"end":{"line":13,"column":13}}},"fnMap":{"0":{"name":"useLoggedIn","decl":{"start":{"line":4,"column":24},"end":{"line":4,"column":35}},"loc":{"start":{"line":4,"column":38},"end":{"line":14,"column":1}},"line":4}},"branchMap":{"0":{"loc":{"start":{"line":7,"column":2},"end":{"line":12,"column":3}},"type":"if","locations":[{"start":{"line":7,"column":2},"end":{"line":12,"column":3}},{"start":{"line":7,"column":2},"end":{"line":12,"column":3}}],"line":7}},"s":{"0":0,"1":0,"2":0,"3":0},"f":{"0":0},"b":{"0":[0,0]},"hash":"56d2aaddc8dda463785b9c1552438b43abca471a"}
,"/Users/miclo/fiximize/app/common/utils/Calculator.ts": {"path":"/Users/miclo/fiximize/app/common/utils/Calculator.ts","statementMap":{"0":{"start":{"line":3,"column":15},"end":{"line":7,"column":1}},"1":{"start":{"line":9,"column":39},"end":{"line":15,"column":1}},"2":{"start":{"line":10,"column":15},"end":{"line":13,"column":7}},"3":{"start":{"line":11,"column":4},"end":{"line":11,"column":21}},"4":{"start":{"line":12,"column":4},"end":{"line":12,"column":15}},"5":{"start":{"line":14,"column":2},"end":{"line":14,"column":14}},"6":{"start":{"line":17,"column":35},"end":{"line":21,"column":1}},"7":{"start":{"line":18,"column":23},"end":{"line":18,"column":57}},"8":{"start":{"line":19,"column":16},"end":{"line":19,"column":36}},"9":{"start":{"line":20,"column":2},"end":{"line":20,"column":15}}},"fnMap":{"0":{"name":"(anonymous_0)","decl":{"start":{"line":9,"column":39},"end":{"line":9,"column":40}},"loc":{"start":{"line":9,"column":49},"end":{"line":15,"column":1}},"line":9},"1":{"name":"(anonymous_1)","decl":{"start":{"line":10,"column":35},"end":{"line":10,"column":36}},"loc":{"start":{"line":10,"column":50},"end":{"line":13,"column":3}},"line":10},"2":{"name":"(anonymous_2)","decl":{"start":{"line":17,"column":35},"end":{"line":17,"column":36}},"loc":{"start":{"line":17,"column":46},"end":{"line":21,"column":1}},"line":17}},"branchMap":{"0":{"loc":{"start":{"line":10,"column":16},"end":{"line":10,"column":26}},"type":"binary-expr","locations":[{"start":{"line":10,"column":16},"end":{"line":10,"column":20}},{"start":{"line":10,"column":24},"end":{"line":10,"column":26}}],"line":10},"1":{"loc":{"start":{"line":18,"column":23},"end":{"line":18,"column":57}},"type":"cond-expr","locations":[{"start":{"line":18,"column":35},"end":{"line":18,"column":36}},{"start":{"line":18,"column":39},"end":{"line":18,"column":57}}],"line":18},"2":{"loc":{"start":{"line":18,"column":39},"end":{"line":18,"column":57}},"type":"cond-expr","locations":[{"start":{"line":18,"column":52},"end":{"line":18,"column":53}},{"start":{"line":18,"column":56},"end":{"line":18,"column":57}}],"line":18}},"s":{"0":0,"1":0,"2":0,"3":0,"4":0,"5":0,"6":0,"7":0,"8":0,"9":0},"f":{"0":0,"1":0,"2":0},"b":{"0":[0,0],"1":[0,0],"2":[0,0]},"hash":"4d5d85d01dd7d6af12a160dacb1aef87fa2ff77c"}
,"/Users/miclo/fiximize/app/components/AddressInput/AddressInput.tsx": {"path":"/Users/miclo/fiximize/app/components/AddressInput/AddressInput.tsx","statementMap":{"0":{"start":{"line":4,"column":21},"end":{"line":6,"column":1}},"1":{"start":{"line":5,"column":2},"end":{"line":5,"column":34}}},"fnMap":{"0":{"name":"(anonymous_0)","decl":{"start":{"line":4,"column":21},"end":{"line":4,"column":22}},"loc":{"start":{"line":4,"column":48},"end":{"line":6,"column":1}},"line":4}},"branchMap":{},"s":{"0":0,"1":0},"f":{"0":0},"b":{},"hash":"80a52ec450424fedb5848ecdf81910477c6af758"}
,"/Users/miclo/fiximize/app/components/AddressInput/index.ts": {"path":"/Users/miclo/fiximize/app/components/AddressInput/index.ts","statementMap":{},"fnMap":{},"branchMap":{},"s":{},"f":{},"b":{},"hash":"9ca6494905b7e80346cdb5215ad79e0050f5c22a"}
,"/Users/miclo/fiximize/app/components/AddressInput/strings.ts": {"path":"/Users/miclo/fiximize/app/components/AddressInput/strings.ts","statementMap":{"0":{"start":{"line":1,"column":16},"end":{"line":3,"column":1}}},"fnMap":{},"branchMap":{},"s":{"0":0},"f":{},"b":{},"hash":"9aef6267fd21774c3243d1932bff570db5202a14"}
,"/Users/miclo/fiximize/app/components/AddressInput/styles.ts": {"path":"/Users/miclo/fiximize/app/components/AddressInput/styles.ts","statementMap":{"0":{"start":{"line":3,"column":15},"end":{"line":9,"column":2}}},"fnMap":{},"branchMap":{},"s":{"0":0},"f":{},"b":{},"hash":"18bbb6b318963b12a400586780c443555d7fa37a"}
,"/Users/miclo/fiximize/app/components/Chart/Speedometer.tsx": {"path":"/Users/miclo/fiximize/app/components/Chart/Speedometer.tsx","statementMap":{"0":{"start":{"line":25,"column":4},"end":{"line":25,"column":17}},"1":{"start":{"line":26,"column":4},"end":{"line":26,"column":67}},"2":{"start":{"line":50,"column":8},"end":{"line":50,"column":18}},"3":{"start":{"line":51,"column":19},"end":{"line":51,"column":22}},"4":{"start":{"line":52,"column":27},"end":{"line":52,"column":68}},"5":{"start":{"line":53,"column":18},"end":{"line":57,"column":5}},"6":{"start":{"line":58,"column":4},"end":{"line":65,"column":14}},"7":{"start":{"line":67,"column":19},"end":{"line":70,"column":6}},"8":{"start":{"line":72,"column":24},"end":{"line":72,"column":60}},"9":{"start":{"line":73,"column":4},"end":{"line":142,"column":6}},"10":{"start":{"line":87,"column":33},"end":{"line":87,"column":62}},"11":{"start":{"line":88,"column":12},"end":{"line":103,"column":14}},"12":{"start":{"line":146,"column":0},"end":{"line":194,"column":2}},"13":{"start":{"line":196,"column":0},"end":{"line":215,"column":2}}},"fnMap":{"0":{"name":"(anonymous_0)","decl":{"start":{"line":24,"column":2},"end":{"line":24,"column":3}},"loc":{"start":{"line":24,"column":21},"end":{"line":27,"column":3}},"line":24},"1":{"name":"(anonymous_1)","decl":{"start":{"line":29,"column":2},"end":{"line":29,"column":3}},"loc":{"start":{"line":29,"column":11},"end":{"line":143,"column":3}},"line":29},"2":{"name":"(anonymous_2)","decl":{"start":{"line":86,"column":22},"end":{"line":86,"column":23}},"loc":{"start":{"line":86,"column":40},"end":{"line":104,"column":11}},"line":86}},"branchMap":{"0":{"loc":{"start":{"line":53,"column":18},"end":{"line":57,"column":5}},"type":"cond-expr","locations":[{"start":{"line":53,"column":50},"end":{"line":55,"column":5}},{"start":{"line":55,"column":8},"end":{"line":57,"column":5}}],"line":53}},"s":{"0":0,"1":0,"2":0,"3":0,"4":0,"5":0,"6":0,"7":0,"8":0,"9":0,"10":0,"11":0,"12":0,"13":0},"f":{"0":0,"1":0,"2":0},"b":{"0":[0,0]},"hash":"385dd77e5bd3bb67727abb9ad1292e320e6fea5f"}
,"/Users/miclo/fiximize/app/components/Chart/style.ts": {"path":"/Users/miclo/fiximize/app/components/Chart/style.ts","statementMap":{"0":{"start":{"line":4,"column":25},"end":{"line":4,"column":49}}},"fnMap":{},"branchMap":{},"s":{"0":0},"f":{},"b":{},"hash":"2f2e23d5b9403156f702b5f39e7bf80c593c7da7"}
,"/Users/miclo/fiximize/app/components/Chart/utils/calculateDegreeFromLabels.ts": {"path":"/Users/miclo/fiximize/app/components/Chart/utils/calculateDegreeFromLabels.ts","statementMap":{"0":{"start":{"line":2,"column":25},"end":{"line":2,"column":51}},"1":{"start":{"line":3,"column":2},"end":{"line":3,"column":24}}},"fnMap":{"0":{"name":"calculateDegreeFromLabels","decl":{"start":{"line":1,"column":9},"end":{"line":1,"column":34}},"loc":{"start":{"line":1,"column":51},"end":{"line":4,"column":1}},"line":1}},"branchMap":{},"s":{"0":0,"1":0},"f":{"0":0},"b":{},"hash":"cd0088917d237ebfd18d1ad972b5996de4225441"}
,"/Users/miclo/fiximize/app/components/Chart/utils/calculateLabelFromValue.ts": {"path":"/Users/miclo/fiximize/app/components/Chart/utils/calculateLabelFromValue.ts","statementMap":{"0":{"start":{"line":2,"column":23},"end":{"line":2,"column":54}},"1":{"start":{"line":3,"column":23},"end":{"line":3,"column":69}},"2":{"start":{"line":4,"column":16},"end":{"line":4,"column":36}},"3":{"start":{"line":5,"column":2},"end":{"line":5,"column":15}}},"fnMap":{"0":{"name":"calculateLabelFromValue","decl":{"start":{"line":1,"column":9},"end":{"line":1,"column":32}},"loc":{"start":{"line":1,"column":68},"end":{"line":6,"column":1}},"line":1}},"branchMap":{},"s":{"0":0,"1":0,"2":0,"3":0},"f":{"0":0},"b":{},"hash":"79d3757b02caaca031920f89be8e4865e14f9bf7"}
,"/Users/miclo/fiximize/app/components/Chart/utils/limitValue.ts": {"path":"/Users/miclo/fiximize/app/components/Chart/utils/limitValue.ts","statementMap":{"0":{"start":{"line":4,"column":21},"end":{"line":4,"column":22}},"1":{"start":{"line":5,"column":2},"end":{"line":11,"column":3}},"2":{"start":{"line":6,"column":4},"end":{"line":10,"column":5}},"3":{"start":{"line":7,"column":6},"end":{"line":7,"column":100}},"4":{"start":{"line":9,"column":6},"end":{"line":9,"column":37}},"5":{"start":{"line":12,"column":2},"end":{"line":12,"column":62}}},"fnMap":{"0":{"name":"limitValue","decl":{"start":{"line":3,"column":9},"end":{"line":3,"column":19}},"loc":{"start":{"line":3,"column":64},"end":{"line":13,"column":1}},"line":3}},"branchMap":{"0":{"loc":{"start":{"line":5,"column":2},"end":{"line":11,"column":3}},"type":"if","locations":[{"start":{"line":5,"column":2},"end":{"line":11,"column":3}},{"start":{"line":5,"column":2},"end":{"line":11,"column":3}}],"line":5},"1":{"loc":{"start":{"line":6,"column":4},"end":{"line":10,"column":5}},"type":"if","locations":[{"start":{"line":6,"column":4},"end":{"line":10,"column":5}},{"start":{"line":6,"column":4},"end":{"line":10,"column":5}}],"line":6},"2":{"loc":{"start":{"line":6,"column":8},"end":{"line":6,"column":54}},"type":"binary-expr","locations":[{"start":{"line":6,"column":8},"end":{"line":6,"column":31}},{"start":{"line":6,"column":35},"end":{"line":6,"column":54}}],"line":6},"3":{"loc":{"start":{"line":7,"column":47},"end":{"line":7,"column":98}},"type":"cond-expr","locations":[{"start":{"line":7,"column":69},"end":{"line":7,"column":94}},{"start":{"line":7,"column":97},"end":{"line":7,"column":98}}],"line":7}},"s":{"0":0,"1":0,"2":0,"3":0,"4":0,"5":0},"f":{"0":0},"b":{"0":[0,0],"1":[0,0],"2":[0,0],"3":[0,0]},"hash":"f0060b173f00342d88ed3c2aa8e5140eea566859"}
,"/Users/miclo/fiximize/app/components/Chart/utils/validateSize.ts": {"path":"/Users/miclo/fiximize/app/components/Chart/utils/validateSize.ts","statementMap":{"0":{"start":{"line":4,"column":20},"end":{"line":4,"column":28}},"1":{"start":{"line":5,"column":2},"end":{"line":7,"column":3}},"2":{"start":{"line":6,"column":4},"end":{"line":6,"column":36}},"3":{"start":{"line":8,"column":2},"end":{"line":8,"column":21}}},"fnMap":{"0":{"name":"validateSize","decl":{"start":{"line":3,"column":9},"end":{"line":3,"column":21}},"loc":{"start":{"line":3,"column":41},"end":{"line":9,"column":1}},"line":3}},"branchMap":{"0":{"loc":{"start":{"line":5,"column":2},"end":{"line":7,"column":3}},"type":"if","locations":[{"start":{"line":5,"column":2},"end":{"line":7,"column":3}},{"start":{"line":5,"column":2},"end":{"line":7,"column":3}}],"line":5}},"s":{"0":0,"1":0,"2":0,"3":0},"f":{"0":0},"b":{"0":[0,0]},"hash":"509b86adb36702777ab6ccc40ea46d4d203d0f04"}
,"/Users/miclo/fiximize/app/components/FiximizeQuestions/FiximizeQuestionsFormik/FiximizeQuestionsFormik.tsx": {"path":"/Users/miclo/fiximize/app/components/FiximizeQuestions/FiximizeQuestionsFormik/FiximizeQuestionsFormik.tsx","statementMap":{"0":{"start":{"line":8,"column":83},"end":{"line":18,"column":1}},"1":{"start":{"line":9,"column":38},"end":{"line":9,"column":43}},"2":{"start":{"line":10,"column":2},"end":{"line":17,"column":3}}},"fnMap":{"0":{"name":"(anonymous_0)","decl":{"start":{"line":8,"column":83},"end":{"line":8,"column":84}},"loc":{"start":{"line":8,"column":94},"end":{"line":18,"column":1}},"line":8}},"branchMap":{},"s":{"0":0,"1":0,"2":0},"f":{"0":0},"b":{},"hash":"37fe0da67b02f209406392eeec46492db3afcfc9"}
,"/Users/miclo/fiximize/app/components/FiximizeQuestions/FiximizeQuestionsFormik/index.ts": {"path":"/Users/miclo/fiximize/app/components/FiximizeQuestions/FiximizeQuestionsFormik/index.ts","statementMap":{},"fnMap":{},"branchMap":{},"s":{},"f":{},"b":{},"hash":"7e3e7990cd70a9a7ebff26889b32e9792a0cf9d1"}
,"/Users/miclo/fiximize/app/components/FiximizeQuestions/FiximizeQuestionsFormik/strings.ts": {"path":"/Users/miclo/fiximize/app/components/FiximizeQuestions/FiximizeQuestionsFormik/strings.ts","statementMap":{"0":{"start":{"line":1,"column":16},"end":{"line":3,"column":1}}},"fnMap":{},"branchMap":{},"s":{"0":0},"f":{},"b":{},"hash":"524722f4eaa55cb954708fe8167e336e8042a20c"}
,"/Users/miclo/fiximize/app/components/FiximizeQuestions/FiximizeQuestionsFormik/styles.ts": {"path":"/Users/miclo/fiximize/app/components/FiximizeQuestions/FiximizeQuestionsFormik/styles.ts","statementMap":{"0":{"start":{"line":3,"column":15},"end":{"line":9,"column":2}}},"fnMap":{},"branchMap":{},"s":{"0":0},"f":{},"b":{},"hash":"4d491a2fd86cf2bfcafe1a15dc4d45f3d8d72e87"}
,"/Users/miclo/fiximize/app/components/Formik/HelperText/HelperText.tsx": {"path":"/Users/miclo/fiximize/app/components/Formik/HelperText/HelperText.tsx","statementMap":{"0":{"start":{"line":9,"column":19},"end":{"line":9,"column":45}},"1":{"start":{"line":10,"column":2},"end":{"line":10,"column":49}},"2":{"start":{"line":15,"column":19},"end":{"line":18,"column":1}},"3":{"start":{"line":16,"column":26},"end":{"line":16,"column":58}},"4":{"start":{"line":17,"column":2},"end":{"line":17,"column":59}}},"fnMap":{"0":{"name":"useFieldToHelperTextProps","decl":{"start":{"line":8,"column":16},"end":{"line":8,"column":41}},"loc":{"start":{"line":8,"column":111},"end":{"line":11,"column":1}},"line":8},"1":{"name":"(anonymous_1)","decl":{"start":{"line":15,"column":19},"end":{"line":15,"column":20}},"loc":{"start":{"line":15,"column":47},"end":{"line":18,"column":1}},"line":15}},"branchMap":{},"s":{"0":0,"1":0,"2":0,"3":0,"4":0},"f":{"0":0,"1":0},"b":{},"hash":"28f6b1ee3d2b9f47779ec7dd4a9d5ef4f7ae409d"}
,"/Users/miclo/fiximize/app/components/Formik/HelperText/index.ts": {"path":"/Users/miclo/fiximize/app/components/Formik/HelperText/index.ts","statementMap":{},"fnMap":{},"branchMap":{},"s":{},"f":{},"b":{},"hash":"6f0cb9bd2dbe989aed9043a7d6475a4b7e837d02"}
,"/Users/miclo/fiximize/app/components/Formik/RadioButtonGroup/RadioButtonGroup.tsx": {"path":"/Users/miclo/fiximize/app/components/Formik/RadioButtonGroup/RadioButtonGroup.tsx","statementMap":{"0":{"start":{"line":9,"column":15},"end":{"line":9,"column":33}},"1":{"start":{"line":10,"column":39},"end":{"line":10,"column":43}},"2":{"start":{"line":11,"column":24},"end":{"line":11,"column":50}},"3":{"start":{"line":12,"column":53},"end":{"line":12,"column":58}},"4":{"start":{"line":13,"column":22},"end":{"line":18,"column":3}},"5":{"start":{"line":19,"column":2},"end":{"line":19,"column":66}},"6":{"start":{"line":23,"column":15},"end":{"line":23,"column":33}},"7":{"start":{"line":24,"column":18},"end":{"line":24,"column":50}},"8":{"start":{"line":25,"column":64},"end":{"line":25,"column":69}},"9":{"start":{"line":27,"column":2},"end":{"line":27,"column":42}},"10":{"start":{"line":32,"column":25},"end":{"line":35,"column":1}},"11":{"start":{"line":33,"column":32},"end":{"line":33,"column":70}},"12":{"start":{"line":34,"column":2},"end":{"line":34,"column":72}}},"fnMap":{"0":{"name":"useNativeField","decl":{"start":{"line":8,"column":9},"end":{"line":8,"column":23}},"loc":{"start":{"line":8,"column":73},"end":{"line":20,"column":1}},"line":8},"1":{"name":"useFieldToRadioButtonGroupProps","decl":{"start":{"line":22,"column":16},"end":{"line":22,"column":47}},"loc":{"start":{"line":22,"column":123},"end":{"line":28,"column":1}},"line":22},"2":{"name":"(anonymous_2)","decl":{"start":{"line":32,"column":25},"end":{"line":32,"column":26}},"loc":{"start":{"line":32,"column":59},"end":{"line":35,"column":1}},"line":32}},"branchMap":{},"s":{"0":0,"1":0,"2":0,"3":0,"4":0,"5":0,"6":0,"7":0,"8":0,"9":0,"10":0,"11":0,"12":0},"f":{"0":0,"1":0,"2":0},"b":{},"hash":"5a894600f7e83146ca8d887fad53ee1c02c5f301"}
,"/Users/miclo/fiximize/app/components/Formik/RadioButtonGroup/index.ts": {"path":"/Users/miclo/fiximize/app/components/Formik/RadioButtonGroup/index.ts","statementMap":{},"fnMap":{},"branchMap":{},"s":{},"f":{},"b":{},"hash":"425210b3b2b002f9a8fc2934cfa8684be6156e6c"}
,"/Users/miclo/fiximize/app/components/Formik/TextInput/TextInput.tsx": {"path":"/Users/miclo/fiximize/app/components/Formik/TextInput/TextInput.tsx","statementMap":{"0":{"start":{"line":11,"column":15},"end":{"line":11,"column":33}},"1":{"start":{"line":12,"column":18},"end":{"line":12,"column":50}},"2":{"start":{"line":13,"column":63},"end":{"line":13,"column":68}},"3":{"start":{"line":14,"column":19},"end":{"line":14,"column":36}},"4":{"start":{"line":16,"column":2},"end":{"line":16,"column":51}},"5":{"start":{"line":21,"column":18},"end":{"line":24,"column":1}},"6":{"start":{"line":22,"column":25},"end":{"line":22,"column":56}},"7":{"start":{"line":23,"column":2},"end":{"line":23,"column":57}}},"fnMap":{"0":{"name":"useFieldToTextInputProps","decl":{"start":{"line":10,"column":16},"end":{"line":10,"column":40}},"loc":{"start":{"line":10,"column":109},"end":{"line":17,"column":1}},"line":10},"1":{"name":"(anonymous_1)","decl":{"start":{"line":21,"column":18},"end":{"line":21,"column":19}},"loc":{"start":{"line":21,"column":45},"end":{"line":24,"column":1}},"line":21}},"branchMap":{},"s":{"0":0,"1":0,"2":0,"3":0,"4":0,"5":0,"6":0,"7":0},"f":{"0":0,"1":0},"b":{},"hash":"584dfdf6e7b61e619877d543e1f10bf6424132c8"}
,"/Users/miclo/fiximize/app/components/Formik/TextInput/index.ts": {"path":"/Users/miclo/fiximize/app/components/Formik/TextInput/index.ts","statementMap":{},"fnMap":{},"branchMap":{},"s":{},"f":{},"b":{},"hash":"a47fae5ab0c4485aa55b1f3158822e26aa8e99f7"}
,"/Users/miclo/fiximize/app/components/Formik/useNativeField/index.ts": {"path":"/Users/miclo/fiximize/app/components/Formik/useNativeField/index.ts","statementMap":{},"fnMap":{},"branchMap":{},"s":{},"f":{},"b":{},"hash":"2242617002010a5adc5d7d5a1abab24ec93ba33a"}
,"/Users/miclo/fiximize/app/components/Formik/useNativeField/useNativeField.tsx": {"path":"/Users/miclo/fiximize/app/components/Formik/useNativeField/useNativeField.tsx","statementMap":{"0":{"start":{"line":4,"column":15},"end":{"line":4,"column":33}},"1":{"start":{"line":5,"column":39},"end":{"line":5,"column":43}},"2":{"start":{"line":6,"column":24},"end":{"line":6,"column":50}},"3":{"start":{"line":7,"column":52},"end":{"line":7,"column":57}},"4":{"start":{"line":8,"column":22},"end":{"line":13,"column":3}},"5":{"start":{"line":14,"column":2},"end":{"line":14,"column":66}}},"fnMap":{"0":{"name":"useNativeField","decl":{"start":{"line":3,"column":9},"end":{"line":3,"column":23}},"loc":{"start":{"line":3,"column":73},"end":{"line":15,"column":1}},"line":3}},"branchMap":{},"s":{"0":0,"1":0,"2":0,"3":0,"4":0,"5":0},"f":{"0":0},"b":{},"hash":"58654b93238f4bc2af063d69850a07f2a4102759"}
,"/Users/miclo/fiximize/app/components/NumberFormat/DollarInput/DollarInput.tsx": {"path":"/Users/miclo/fiximize/app/components/NumberFormat/DollarInput/DollarInput.tsx","statementMap":{"0":{"start":{"line":4,"column":20},"end":{"line":7,"column":1}},"1":{"start":{"line":6,"column":2},"end":{"line":6,"column":69}}},"fnMap":{"0":{"name":"(anonymous_0)","decl":{"start":{"line":4,"column":20},"end":{"line":4,"column":21}},"loc":{"start":{"line":4,"column":36},"end":{"line":7,"column":1}},"line":4}},"branchMap":{},"s":{"0":0,"1":0},"f":{"0":0},"b":{},"hash":"8e877a7587c56bb50e6835be51e0a51ae995cbf6"}
,"/Users/miclo/fiximize/app/components/NumberFormat/DollarInput/index.ts": {"path":"/Users/miclo/fiximize/app/components/NumberFormat/DollarInput/index.ts","statementMap":{},"fnMap":{},"branchMap":{},"s":{},"f":{},"b":{},"hash":"7928783cb223c02147fadbfe7ecfdbcb33281d95"}
,"/Users/miclo/fiximize/app/components/NumberFormat/DollarInput/strings.ts": {"path":"/Users/miclo/fiximize/app/components/NumberFormat/DollarInput/strings.ts","statementMap":{"0":{"start":{"line":1,"column":16},"end":{"line":3,"column":1}}},"fnMap":{},"branchMap":{},"s":{"0":0},"f":{},"b":{},"hash":"9fda40b4ec5fec47b01d8164db35a62266ed683e"}
,"/Users/miclo/fiximize/app/components/NumberFormat/DollarInput/styles.ts": {"path":"/Users/miclo/fiximize/app/components/NumberFormat/DollarInput/styles.ts","statementMap":{"0":{"start":{"line":3,"column":15},"end":{"line":9,"column":2}}},"fnMap":{},"branchMap":{},"s":{"0":0},"f":{},"b":{},"hash":"a3b60914f2b89107bfb680967d0f2643b3f7d9f6"}
,"/Users/miclo/fiximize/app/components/NumberInput/NumberInput.tsx": {"path":"/Users/miclo/fiximize/app/components/NumberInput/NumberInput.tsx","statementMap":{"0":{"start":{"line":4,"column":20},"end":{"line":6,"column":1}},"1":{"start":{"line":5,"column":2},"end":{"line":5,"column":34}}},"fnMap":{"0":{"name":"(anonymous_0)","decl":{"start":{"line":4,"column":20},"end":{"line":4,"column":21}},"loc":{"start":{"line":4,"column":47},"end":{"line":6,"column":1}},"line":4}},"branchMap":{},"s":{"0":0,"1":0},"f":{"0":0},"b":{},"hash":"a82ce6b8e8593709bfaa8a668bff9c06e29e70bb"}
,"/Users/miclo/fiximize/app/components/NumberInput/index.ts": {"path":"/Users/miclo/fiximize/app/components/NumberInput/index.ts","statementMap":{},"fnMap":{},"branchMap":{},"s":{},"f":{},"b":{},"hash":"eb17c24e8e1073f4ee87220a151edf32f056c29b"}
,"/Users/miclo/fiximize/app/components/NumberInput/strings.ts": {"path":"/Users/miclo/fiximize/app/components/NumberInput/strings.ts","statementMap":{"0":{"start":{"line":1,"column":16},"end":{"line":3,"column":1}}},"fnMap":{},"branchMap":{},"s":{"0":0},"f":{},"b":{},"hash":"f3db2dae36cbd8196b2f1c242b2e2602825eaaf9"}
,"/Users/miclo/fiximize/app/components/NumberInput/styles.ts": {"path":"/Users/miclo/fiximize/app/components/NumberInput/styles.ts","statementMap":{"0":{"start":{"line":3,"column":15},"end":{"line":9,"column":2}}},"fnMap":{},"branchMap":{},"s":{"0":0},"f":{},"b":{},"hash":"a3f81563af5bdb0118e8300e9387c7d305f07067"}
,"/Users/miclo/fiximize/app/generated/CreateRehab.ts": {"path":"/Users/miclo/fiximize/app/generated/CreateRehab.ts","statementMap":{},"fnMap":{},"branchMap":{},"s":{},"f":{},"b":{},"hash":"8f33161b658cc6583010852b493d6a5f62195833"}
,"/Users/miclo/fiximize/app/generated/CreateRehabNoArv.ts": {"path":"/Users/miclo/fiximize/app/generated/CreateRehabNoArv.ts","statementMap":{},"fnMap":{},"branchMap":{},"s":{},"f":{},"b":{},"hash":"57b5360543d58806717ee9ae17aa7a446b761ca4"}
,"/Users/miclo/fiximize/app/generated/DeleteRehab.ts": {"path":"/Users/miclo/fiximize/app/generated/DeleteRehab.ts","statementMap":{},"fnMap":{},"branchMap":{},"s":{},"f":{},"b":{},"hash":"2235b1cf31751583e77595857bdc5fb91715269d"}
,"/Users/miclo/fiximize/app/generated/IbuyerAutoComplete.ts": {"path":"/Users/miclo/fiximize/app/generated/IbuyerAutoComplete.ts","statementMap":{},"fnMap":{},"branchMap":{},"s":{},"f":{},"b":{},"hash":"23f40381511eddd7e4383e8e8b5aeddf9f5e94f6"}
,"/Users/miclo/fiximize/app/generated/MyRehabRequests.ts": {"path":"/Users/miclo/fiximize/app/generated/MyRehabRequests.ts","statementMap":{},"fnMap":{},"branchMap":{},"s":{},"f":{},"b":{},"hash":"0e61e5a044aa9d4438878cd2e6139f7db48e7cd6"}
,"/Users/miclo/fiximize/app/generated/PropertyInfo.ts": {"path":"/Users/miclo/fiximize/app/generated/PropertyInfo.ts","statementMap":{},"fnMap":{},"branchMap":{},"s":{},"f":{},"b":{},"hash":"b02f7054eee4fb1369f488b93c86304ad17ae585"}
,"/Users/miclo/fiximize/app/generated/UpdateRehabItemsPackage.ts": {"path":"/Users/miclo/fiximize/app/generated/UpdateRehabItemsPackage.ts","statementMap":{},"fnMap":{},"branchMap":{},"s":{},"f":{},"b":{},"hash":"b563e0cc4570735f610df34e349a75a8aeac43a1"}
,"/Users/miclo/fiximize/app/generated/ValidateAddress.ts": {"path":"/Users/miclo/fiximize/app/generated/ValidateAddress.ts","statementMap":{},"fnMap":{},"branchMap":{},"s":{},"f":{},"b":{},"hash":"d16a4f5b6bd67b347cc09e21d881ed49fa14586c"}
,"/Users/miclo/fiximize/app/generated/Viewer.ts": {"path":"/Users/miclo/fiximize/app/generated/Viewer.ts","statementMap":{},"fnMap":{},"branchMap":{},"s":{},"f":{},"b":{},"hash":"f175ca32ca3efead5cc1928d0a814ad2b2a87fc2"}
,"/Users/miclo/fiximize/app/generated/globalTypes.ts": {"path":"/Users/miclo/fiximize/app/generated/globalTypes.ts","statementMap":{},"fnMap":{},"branchMap":{},"s":{},"f":{},"b":{},"hash":"0bf6e2ab2234de77c319fda07773bc02a35f0a14"}
,"/Users/miclo/fiximize/app/navigator/Navigator.tsx": {"path":"/Users/miclo/fiximize/app/navigator/Navigator.tsx","statementMap":{"0":{"start":{"line":26,"column":18},"end":{"line":123,"column":1}},"1":{"start":{"line":31,"column":31},"end":{"line":31,"column":36}},"2":{"start":{"line":32,"column":29},"end":{"line":32,"column":64}},"3":{"start":{"line":33,"column":29},"end":{"line":33,"column":68}},"4":{"start":{"line":34,"column":21},"end":{"line":34,"column":48}},"5":{"start":{"line":36,"column":30},"end":{"line":47,"column":9}},"6":{"start":{"line":37,"column":10},"end":{"line":46,"column":11}},"7":{"start":{"line":38,"column":12},"end":{"line":38,"column":53}},"8":{"start":{"line":40,"column":12},"end":{"line":45,"column":15}},"9":{"start":{"line":48,"column":8},"end":{"line":57,"column":9}},"10":{"start":{"line":50,"column":12},"end":{"line":55,"column":13}},"11":{"start":{"line":63,"column":8},"end":{"line":65,"column":9}},"12":{"start":{"line":71,"column":31},"end":{"line":71,"column":36}},"13":{"start":{"line":72,"column":20},"end":{"line":72,"column":46}},"14":{"start":{"line":73,"column":21},"end":{"line":73,"column":48}},"15":{"start":{"line":74,"column":21},"end":{"line":74,"column":48}},"16":{"start":{"line":75,"column":26},"end":{"line":75,"column":58}},"17":{"start":{"line":76,"column":23},"end":{"line":76,"column":52}},"18":{"start":{"line":77,"column":8},"end":{"line":97,"column":9}},"19":{"start":{"line":79,"column":23},"end":{"line":81,"column":16}},"20":{"start":{"line":80,"column":14},"end":{"line":80,"column":96}},"21":{"start":{"line":82,"column":23},"end":{"line":84,"column":16}},"22":{"start":{"line":83,"column":14},"end":{"line":83,"column":78}},"23":{"start":{"line":86,"column":12},"end":{"line":95,"column":13}},"24":{"start":{"line":90,"column":18},"end":{"line":90,"column":52}},"25":{"start":{"line":103,"column":31},"end":{"line":103,"column":36}},"26":{"start":{"line":104,"column":21},"end":{"line":104,"column":48}},"27":{"start":{"line":105,"column":8},"end":{"line":118,"column":9}},"28":{"start":{"line":107,"column":12},"end":{"line":116,"column":13}},"29":{"start":{"line":111,"column":18},"end":{"line":111,"column":78}},"30":{"start":{"line":125,"column":0},"end":{"line":149,"column":2}},"31":{"start":{"line":126,"column":25},"end":{"line":126,"column":30}},"32":{"start":{"line":127,"column":22},"end":{"line":127,"column":26}},"33":{"start":{"line":128,"column":2},"end":{"line":130,"column":3}},"34":{"start":{"line":129,"column":4},"end":{"line":129,"column":26}},"35":{"start":{"line":132,"column":23},"end":{"line":132,"column":33}},"36":{"start":{"line":133,"column":2},"end":{"line":135,"column":3}},"37":{"start":{"line":134,"column":4},"end":{"line":134,"column":37}},"38":{"start":{"line":137,"column":2},"end":{"line":148,"column":4}},"39":{"start":{"line":141,"column":35},"end":{"line":143,"column":48}},"40":{"start":{"line":145,"column":35},"end":{"line":147,"column":49}},"41":{"start":{"line":153,"column":21},"end":{"line":153,"column":60}},"42":{"start":{"line":155,"column":0},"end":{"line":160,"column":2}},"43":{"start":{"line":157,"column":33},"end":{"line":157,"column":98}},"44":{"start":{"line":159,"column":33},"end":{"line":159,"column":98}},"45":{"start":{"line":164,"column":26},"end":{"line":210,"column":49}},"46":{"start":{"line":169,"column":29},"end":{"line":169,"column":34}},"47":{"start":{"line":170,"column":25},"end":{"line":170,"column":65}},"48":{"start":{"line":171,"column":43},"end":{"line":171,"column":97}},"49":{"start":{"line":172,"column":22},"end":{"line":172,"column":58}},"50":{"start":{"line":174,"column":39},"end":{"line":176,"column":7}},"51":{"start":{"line":175,"column":8},"end":{"line":175,"column":58}},"52":{"start":{"line":177,"column":38},"end":{"line":179,"column":7}},"53":{"start":{"line":178,"column":8},"end":{"line":178,"column":57}},"54":{"start":{"line":180,"column":6},"end":{"line":208,"column":7}},"55":{"start":{"line":182,"column":10},"end":{"line":184,"column":11}},"56":{"start":{"line":183,"column":12},"end":{"line":183,"column":24}},"57":{"start":{"line":185,"column":10},"end":{"line":191,"column":11}},"58":{"start":{"line":194,"column":10},"end":{"line":196,"column":11}},"59":{"start":{"line":195,"column":12},"end":{"line":195,"column":24}},"60":{"start":{"line":197,"column":10},"end":{"line":203,"column":11}},"61":{"start":{"line":212,"column":0},"end":{"line":217,"column":2}},"62":{"start":{"line":214,"column":33},"end":{"line":214,"column":74}},"63":{"start":{"line":216,"column":33},"end":{"line":216,"column":74}},"64":{"start":{"line":221,"column":32},"end":{"line":223,"column":2}},"65":{"start":{"line":225,"column":0},"end":{"line":234,"column":2}},"66":{"start":{"line":227,"column":33},"end":{"line":227,"column":101}},"67":{"start":{"line":229,"column":4},"end":{"line":229,"column":55}},"68":{"start":{"line":230,"column":4},"end":{"line":230,"column":53}},"69":{"start":{"line":237,"column":22},"end":{"line":245,"column":2}},"70":{"start":{"line":248,"column":19},"end":{"line":251,"column":1}},"71":{"start":{"line":253,"column":0},"end":{"line":267,"column":2}},"72":{"start":{"line":254,"column":25},"end":{"line":254,"column":30}},"73":{"start":{"line":255,"column":22},"end":{"line":255,"column":26}},"74":{"start":{"line":256,"column":2},"end":{"line":258,"column":3}},"75":{"start":{"line":257,"column":4},"end":{"line":257,"column":26}},"76":{"start":{"line":259,"column":2},"end":{"line":266,"column":4}},"77":{"start":{"line":263,"column":21},"end":{"line":263,"column":81}},"78":{"start":{"line":264,"column":6},"end":{"line":264,"column":71}},"79":{"start":{"line":271,"column":17},"end":{"line":271,"column":57}},"80":{"start":{"line":273,"column":19},"end":{"line":283,"column":1}}},"fnMap":{"0":{"name":"(anonymous_0)","decl":{"start":{"line":30,"column":25},"end":{"line":30,"column":26}},"loc":{"start":{"line":30,"column":79},"end":{"line":58,"column":7}},"line":30},"1":{"name":"(anonymous_1)","decl":{"start":{"line":36,"column":30},"end":{"line":36,"column":31}},"loc":{"start":{"line":36,"column":36},"end":{"line":47,"column":9}},"line":36},"2":{"name":"(anonymous_2)","decl":{"start":{"line":49,"column":22},"end":{"line":49,"column":23}},"loc":{"start":{"line":49,"column":33},"end":{"line":56,"column":11}},"line":49},"3":{"name":"(anonymous_3)","decl":{"start":{"line":62,"column":25},"end":{"line":62,"column":26}},"loc":{"start":{"line":62,"column":79},"end":{"line":66,"column":7}},"line":62},"4":{"name":"(anonymous_4)","decl":{"start":{"line":70,"column":25},"end":{"line":70,"column":26}},"loc":{"start":{"line":70,"column":79},"end":{"line":98,"column":7}},"line":70},"5":{"name":"(anonymous_5)","decl":{"start":{"line":79,"column":12},"end":{"line":79,"column":13}},"loc":{"start":{"line":79,"column":23},"end":{"line":81,"column":16}},"line":79},"6":{"name":"(anonymous_6)","decl":{"start":{"line":79,"column":61},"end":{"line":79,"column":62}},"loc":{"start":{"line":79,"column":67},"end":{"line":81,"column":13}},"line":79},"7":{"name":"(anonymous_7)","decl":{"start":{"line":82,"column":12},"end":{"line":82,"column":13}},"loc":{"start":{"line":82,"column":23},"end":{"line":84,"column":16}},"line":82},"8":{"name":"(anonymous_8)","decl":{"start":{"line":82,"column":61},"end":{"line":82,"column":62}},"loc":{"start":{"line":82,"column":67},"end":{"line":84,"column":13}},"line":82},"9":{"name":"(anonymous_9)","decl":{"start":{"line":85,"column":44},"end":{"line":85,"column":45}},"loc":{"start":{"line":85,"column":55},"end":{"line":96,"column":11}},"line":85},"10":{"name":"(anonymous_10)","decl":{"start":{"line":89,"column":25},"end":{"line":89,"column":26}},"loc":{"start":{"line":89,"column":31},"end":{"line":91,"column":17}},"line":89},"11":{"name":"(anonymous_11)","decl":{"start":{"line":102,"column":25},"end":{"line":102,"column":26}},"loc":{"start":{"line":102,"column":79},"end":{"line":119,"column":7}},"line":102},"12":{"name":"(anonymous_12)","decl":{"start":{"line":106,"column":44},"end":{"line":106,"column":45}},"loc":{"start":{"line":106,"column":55},"end":{"line":117,"column":11}},"line":106},"13":{"name":"(anonymous_13)","decl":{"start":{"line":110,"column":25},"end":{"line":110,"column":26}},"loc":{"start":{"line":110,"column":31},"end":{"line":112,"column":17}},"line":110},"14":{"name":"(anonymous_14)","decl":{"start":{"line":125,"column":30},"end":{"line":125,"column":31}},"loc":{"start":{"line":125,"column":84},"end":{"line":149,"column":1}},"line":125},"15":{"name":"(anonymous_15)","decl":{"start":{"line":141,"column":16},"end":{"line":141,"column":17}},"loc":{"start":{"line":141,"column":35},"end":{"line":143,"column":48}},"line":141},"16":{"name":"(anonymous_16)","decl":{"start":{"line":145,"column":16},"end":{"line":145,"column":17}},"loc":{"start":{"line":145,"column":35},"end":{"line":147,"column":49}},"line":145},"17":{"name":"(anonymous_17)","decl":{"start":{"line":157,"column":14},"end":{"line":157,"column":15}},"loc":{"start":{"line":157,"column":33},"end":{"line":157,"column":98}},"line":157},"18":{"name":"(anonymous_18)","decl":{"start":{"line":159,"column":14},"end":{"line":159,"column":15}},"loc":{"start":{"line":159,"column":33},"end":{"line":159,"column":98}},"line":159},"19":{"name":"(anonymous_19)","decl":{"start":{"line":168,"column":23},"end":{"line":168,"column":24}},"loc":{"start":{"line":168,"column":77},"end":{"line":209,"column":5}},"line":168},"20":{"name":"(anonymous_20)","decl":{"start":{"line":174,"column":39},"end":{"line":174,"column":40}},"loc":{"start":{"line":174,"column":45},"end":{"line":176,"column":7}},"line":174},"21":{"name":"(anonymous_21)","decl":{"start":{"line":177,"column":38},"end":{"line":177,"column":39}},"loc":{"start":{"line":177,"column":44},"end":{"line":179,"column":7}},"line":177},"22":{"name":"(anonymous_22)","decl":{"start":{"line":181,"column":20},"end":{"line":181,"column":21}},"loc":{"start":{"line":181,"column":31},"end":{"line":192,"column":9}},"line":181},"23":{"name":"(anonymous_23)","decl":{"start":{"line":193,"column":21},"end":{"line":193,"column":22}},"loc":{"start":{"line":193,"column":32},"end":{"line":204,"column":9}},"line":193},"24":{"name":"(anonymous_24)","decl":{"start":{"line":214,"column":14},"end":{"line":214,"column":15}},"loc":{"start":{"line":214,"column":33},"end":{"line":214,"column":74}},"line":214},"25":{"name":"(anonymous_25)","decl":{"start":{"line":216,"column":14},"end":{"line":216,"column":15}},"loc":{"start":{"line":216,"column":33},"end":{"line":216,"column":74}},"line":216},"26":{"name":"(anonymous_26)","decl":{"start":{"line":227,"column":14},"end":{"line":227,"column":15}},"loc":{"start":{"line":227,"column":33},"end":{"line":227,"column":101}},"line":227},"27":{"name":"(anonymous_27)","decl":{"start":{"line":228,"column":17},"end":{"line":228,"column":18}},"loc":{"start":{"line":228,"column":37},"end":{"line":231,"column":3}},"line":228},"28":{"name":"(anonymous_28)","decl":{"start":{"line":253,"column":31},"end":{"line":253,"column":32}},"loc":{"start":{"line":253,"column":85},"end":{"line":267,"column":1}},"line":253},"29":{"name":"(anonymous_29)","decl":{"start":{"line":262,"column":16},"end":{"line":262,"column":17}},"loc":{"start":{"line":262,"column":35},"end":{"line":265,"column":5}},"line":262}},"branchMap":{"0":{"loc":{"start":{"line":37,"column":10},"end":{"line":46,"column":11}},"type":"if","locations":[{"start":{"line":37,"column":10},"end":{"line":46,"column":11}},{"start":{"line":37,"column":10},"end":{"line":46,"column":11}}],"line":37},"1":{"loc":{"start":{"line":78,"column":22},"end":{"line":84,"column":16}},"type":"cond-expr","locations":[{"start":{"line":79,"column":12},"end":{"line":81,"column":16}},{"start":{"line":82,"column":12},"end":{"line":84,"column":16}}],"line":78},"2":{"loc":{"start":{"line":85,"column":23},"end":{"line":96,"column":18}},"type":"cond-expr","locations":[{"start":{"line":85,"column":44},"end":{"line":96,"column":11}},{"start":{"line":96,"column":14},"end":{"line":96,"column":18}}],"line":85},"3":{"loc":{"start":{"line":106,"column":23},"end":{"line":117,"column":18}},"type":"cond-expr","locations":[{"start":{"line":106,"column":44},"end":{"line":117,"column":11}},{"start":{"line":117,"column":14},"end":{"line":117,"column":18}}],"line":106},"4":{"loc":{"start":{"line":128,"column":2},"end":{"line":130,"column":3}},"type":"if","locations":[{"start":{"line":128,"column":2},"end":{"line":130,"column":3}},{"start":{"line":128,"column":2},"end":{"line":130,"column":3}}],"line":128},"5":{"loc":{"start":{"line":133,"column":2},"end":{"line":135,"column":3}},"type":"if","locations":[{"start":{"line":133,"column":2},"end":{"line":135,"column":3}},{"start":{"line":133,"column":2},"end":{"line":135,"column":3}}],"line":133},"6":{"loc":{"start":{"line":182,"column":10},"end":{"line":184,"column":11}},"type":"if","locations":[{"start":{"line":182,"column":10},"end":{"line":184,"column":11}},{"start":{"line":182,"column":10},"end":{"line":184,"column":11}}],"line":182},"7":{"loc":{"start":{"line":194,"column":10},"end":{"line":196,"column":11}},"type":"if","locations":[{"start":{"line":194,"column":10},"end":{"line":196,"column":11}},{"start":{"line":194,"column":10},"end":{"line":196,"column":11}}],"line":194},"8":{"loc":{"start":{"line":201,"column":16},"end":{"line":201,"column":49}},"type":"cond-expr","locations":[{"start":{"line":201,"column":30},"end":{"line":201,"column":38}},{"start":{"line":201,"column":41},"end":{"line":201,"column":49}}],"line":201},"9":{"loc":{"start":{"line":205,"column":21},"end":{"line":207,"column":16}},"type":"cond-expr","locations":[{"start":{"line":206,"column":10},"end":{"line":206,"column":112}},{"start":{"line":207,"column":12},"end":{"line":207,"column":16}}],"line":205},"10":{"loc":{"start":{"line":206,"column":10},"end":{"line":206,"column":112}},"type":"cond-expr","locations":[{"start":{"line":206,"column":41},"end":{"line":206,"column":93}},{"start":{"line":206,"column":96},"end":{"line":206,"column":112}}],"line":206},"11":{"loc":{"start":{"line":256,"column":2},"end":{"line":258,"column":3}},"type":"if","locations":[{"start":{"line":256,"column":2},"end":{"line":258,"column":3}},{"start":{"line":256,"column":2},"end":{"line":258,"column":3}}],"line":256}},"s":{"0":0,"1":0,"2":0,"3":0,"4":0,"5":0,"6":0,"7":0,"8":0,"9":0,"10":0,"11":0,"12":0,"13":0,"14":0,"15":0,"16":0,"17":0,"18":0,"19":0,"20":0,"21":0,"22":0,"23":0,"24":0,"25":0,"26":0,"27":0,"28":0,"29":0,"30":0,"31":0,"32":0,"33":0,"34":0,"35":0,"36":0,"37":0,"38":0,"39":0,"40":0,"41":0,"42":0,"43":0,"44":0,"45":0,"46":0,"47":0,"48":0,"49":0,"50":0,"51":0,"52":0,"53":0,"54":0,"55":0,"56":0,"57":0,"58":0,"59":0,"60":0,"61":0,"62":0,"63":0,"64":0,"65":0,"66":0,"67":0,"68":0,"69":0,"70":0,"71":0,"72":0,"73":0,"74":0,"75":0,"76":0,"77":0,"78":0,"79":0,"80":0},"f":{"0":0,"1":0,"2":0,"3":0,"4":0,"5":0,"6":0,"7":0,"8":0,"9":0,"10":0,"11":0,"12":0,"13":0,"14":0,"15":0,"16":0,"17":0,"18":0,"19":0,"20":0,"21":0,"22":0,"23":0,"24":0,"25":0,"26":0,"27":0,"28":0,"29":0},"b":{"0":[0,0],"1":[0,0],"2":[0,0],"3":[0,0],"4":[0,0],"5":[0,0],"6":[0,0],"7":[0,0],"8":[0,0],"9":[0,0],"10":[0,0],"11":[0,0]},"hash":"bd9b2e5fe9468eb383dcc1b124e39134a60de710"}
,"/Users/miclo/fiximize/app/screens/ArvEstimate/ArvEstimate.tsx": {"path":"/Users/miclo/fiximize/app/screens/ArvEstimate/ArvEstimate.tsx","statementMap":{"0":{"start":{"line":16,"column":73},"end":{"line":55,"column":1}},"1":{"start":{"line":17,"column":25},"end":{"line":17,"column":30}},"2":{"start":{"line":18,"column":18},"end":{"line":18,"column":54}},"3":{"start":{"line":19,"column":21},"end":{"line":19,"column":60}},"4":{"start":{"line":20,"column":15},"end":{"line":20,"column":48}},"5":{"start":{"line":21,"column":20},"end":{"line":21,"column":41}},"6":{"start":{"line":22,"column":40},"end":{"line":22,"column":58}},"7":{"start":{"line":24,"column":61},"end":{"line":26,"column":3}},"8":{"start":{"line":25,"column":4},"end":{"line":25,"column":25}},"9":{"start":{"line":28,"column":48},"end":{"line":33,"column":3}},"10":{"start":{"line":29,"column":4},"end":{"line":31,"column":5}},"11":{"start":{"line":30,"column":6},"end":{"line":30,"column":13}},"12":{"start":{"line":32,"column":4},"end":{"line":32,"column":104}},"13":{"start":{"line":35,"column":2},"end":{"line":40,"column":9}},"14":{"start":{"line":36,"column":4},"end":{"line":36,"column":37}},"15":{"start":{"line":37,"column":4},"end":{"line":39,"column":5}},"16":{"start":{"line":38,"column":6},"end":{"line":38,"column":41}},"17":{"start":{"line":42,"column":2},"end":{"line":46,"column":3}},"18":{"start":{"line":43,"column":4},"end":{"line":45,"column":5}},"19":{"start":{"line":48,"column":2},"end":{"line":54,"column":3}}},"fnMap":{"0":{"name":"(anonymous_0)","decl":{"start":{"line":16,"column":73},"end":{"line":16,"column":74}},"loc":{"start":{"line":16,"column":84},"end":{"line":55,"column":1}},"line":16},"1":{"name":"(anonymous_1)","decl":{"start":{"line":24,"column":61},"end":{"line":24,"column":62}},"loc":{"start":{"line":24,"column":71},"end":{"line":26,"column":3}},"line":24},"2":{"name":"(anonymous_2)","decl":{"start":{"line":28,"column":48},"end":{"line":28,"column":49}},"loc":{"start":{"line":28,"column":54},"end":{"line":33,"column":3}},"line":28},"3":{"name":"(anonymous_3)","decl":{"start":{"line":35,"column":18},"end":{"line":35,"column":19}},"loc":{"start":{"line":35,"column":24},"end":{"line":40,"column":3}},"line":35},"4":{"name":"(anonymous_4)","decl":{"start":{"line":37,"column":11},"end":{"line":37,"column":12}},"loc":{"start":{"line":37,"column":17},"end":{"line":39,"column":5}},"line":37}},"branchMap":{"0":{"loc":{"start":{"line":29,"column":4},"end":{"line":31,"column":5}},"type":"if","locations":[{"start":{"line":29,"column":4},"end":{"line":31,"column":5}},{"start":{"line":29,"column":4},"end":{"line":31,"column":5}}],"line":29},"1":{"loc":{"start":{"line":29,"column":8},"end":{"line":29,"column":50}},"type":"binary-expr","locations":[{"start":{"line":29,"column":8},"end":{"line":29,"column":30}},{"start":{"line":29,"column":34},"end":{"line":29,"column":50}}],"line":29},"2":{"loc":{"start":{"line":42,"column":2},"end":{"line":46,"column":3}},"type":"if","locations":[{"start":{"line":42,"column":2},"end":{"line":46,"column":3}},{"start":{"line":42,"column":2},"end":{"line":46,"column":3}}],"line":42}},"s":{"0":0,"1":0,"2":0,"3":0,"4":0,"5":0,"6":0,"7":0,"8":0,"9":0,"10":0,"11":0,"12":0,"13":0,"14":0,"15":0,"16":0,"17":0,"18":0,"19":0},"f":{"0":0,"1":0,"2":0,"3":0,"4":0},"b":{"0":[0,0],"1":[0,0],"2":[0,0]},"hash":"b2d976d1ad502d64099e0f596c84ab0b5bca00cc"}
,"/Users/miclo/fiximize/app/screens/ArvEstimate/index.ts": {"path":"/Users/miclo/fiximize/app/screens/ArvEstimate/index.ts","statementMap":{},"fnMap":{},"branchMap":{},"s":{},"f":{},"b":{},"hash":"4195aac5a7d369778a7f322eab39727e44c5f4cc"}
,"/Users/miclo/fiximize/app/screens/ArvEstimate/ArvEstimateView/ArvEstimateView.tsx": {"path":"/Users/miclo/fiximize/app/screens/ArvEstimate/ArvEstimateView/ArvEstimateView.tsx","statementMap":{"0":{"start":{"line":13,"column":67},"end":{"line":63,"column":1}},"1":{"start":{"line":14,"column":61},"end":{"line":14,"column":66}},"2":{"start":{"line":16,"column":2},"end":{"line":18,"column":9}},"3":{"start":{"line":17,"column":4},"end":{"line":17,"column":57}},"4":{"start":{"line":17,"column":18},"end":{"line":17,"column":56}},"5":{"start":{"line":20,"column":2},"end":{"line":62,"column":4}}},"fnMap":{"0":{"name":"(anonymous_0)","decl":{"start":{"line":13,"column":67},"end":{"line":13,"column":68}},"loc":{"start":{"line":13,"column":78},"end":{"line":63,"column":1}},"line":13},"1":{"name":"(anonymous_1)","decl":{"start":{"line":16,"column":18},"end":{"line":16,"column":19}},"loc":{"start":{"line":16,"column":24},"end":{"line":18,"column":3}},"line":16},"2":{"name":"(anonymous_2)","decl":{"start":{"line":17,"column":11},"end":{"line":17,"column":12}},"loc":{"start":{"line":17,"column":17},"end":{"line":17,"column":57}},"line":17}},"branchMap":{"0":{"loc":{"start":{"line":24,"column":18},"end":{"line":24,"column":63}},"type":"cond-expr","locations":[{"start":{"line":24,"column":42},"end":{"line":24,"column":51}},{"start":{"line":24,"column":54},"end":{"line":24,"column":63}}],"line":24},"1":{"loc":{"start":{"line":30,"column":17},"end":{"line":30,"column":59}},"type":"binary-expr","locations":[{"start":{"line":30,"column":17},"end":{"line":30,"column":39}},{"start":{"line":30,"column":43},"end":{"line":30,"column":59}}],"line":30}},"s":{"0":0,"1":0,"2":0,"3":0,"4":0,"5":0},"f":{"0":0,"1":0,"2":0},"b":{"0":[0,0],"1":[0,0]},"hash":"9f0bc4015d8735f76de15c5b5ae113dca0742a13"}
,"/Users/miclo/fiximize/app/screens/ArvEstimate/ArvEstimateView/index.ts": {"path":"/Users/miclo/fiximize/app/screens/ArvEstimate/ArvEstimateView/index.ts","statementMap":{},"fnMap":{},"branchMap":{},"s":{},"f":{},"b":{},"hash":"6d39dac83b2199dbbd6d4e7cef87c26972f6e541"}
,"/Users/miclo/fiximize/app/screens/ArvEstimate/ArvEstimateView/styles.ts": {"path":"/Users/miclo/fiximize/app/screens/ArvEstimate/ArvEstimateView/styles.ts","statementMap":{"0":{"start":{"line":4,"column":15},"end":{"line":36,"column":2}}},"fnMap":{},"branchMap":{},"s":{"0":0},"f":{},"b":{},"hash":"becffb77c4f77fe099ea6a51f59b0a14c5154783"}
,"/Users/miclo/fiximize/app/screens/AsIsEstimate/AsIsEstimate.tsx": {"path":"/Users/miclo/fiximize/app/screens/AsIsEstimate/AsIsEstimate.tsx","statementMap":{"0":{"start":{"line":17,"column":74},"end":{"line":56,"column":1}},"1":{"start":{"line":18,"column":25},"end":{"line":18,"column":30}},"2":{"start":{"line":19,"column":15},"end":{"line":19,"column":42}},"3":{"start":{"line":20,"column":18},"end":{"line":20,"column":54}},"4":{"start":{"line":21,"column":21},"end":{"line":21,"column":60}},"5":{"start":{"line":22,"column":22},"end":{"line":22,"column":62}},"6":{"start":{"line":23,"column":32},"end":{"line":23,"column":53}},"7":{"start":{"line":24,"column":42},"end":{"line":24,"column":60}},"8":{"start":{"line":26,"column":61},"end":{"line":28,"column":3}},"9":{"start":{"line":27,"column":4},"end":{"line":27,"column":26}},"10":{"start":{"line":29,"column":48},"end":{"line":34,"column":3}},"11":{"start":{"line":30,"column":4},"end":{"line":32,"column":5}},"12":{"start":{"line":31,"column":6},"end":{"line":31,"column":13}},"13":{"start":{"line":33,"column":4},"end":{"line":33,"column":131}},"14":{"start":{"line":36,"column":2},"end":{"line":41,"column":9}},"15":{"start":{"line":37,"column":4},"end":{"line":37,"column":38}},"16":{"start":{"line":38,"column":4},"end":{"line":40,"column":5}},"17":{"start":{"line":39,"column":6},"end":{"line":39,"column":42}},"18":{"start":{"line":43,"column":2},"end":{"line":47,"column":3}},"19":{"start":{"line":44,"column":4},"end":{"line":46,"column":5}},"20":{"start":{"line":49,"column":2},"end":{"line":55,"column":3}}},"fnMap":{"0":{"name":"(anonymous_0)","decl":{"start":{"line":17,"column":74},"end":{"line":17,"column":75}},"loc":{"start":{"line":17,"column":85},"end":{"line":56,"column":1}},"line":17},"1":{"name":"(anonymous_1)","decl":{"start":{"line":26,"column":61},"end":{"line":26,"column":62}},"loc":{"start":{"line":26,"column":71},"end":{"line":28,"column":3}},"line":26},"2":{"name":"(anonymous_2)","decl":{"start":{"line":29,"column":48},"end":{"line":29,"column":49}},"loc":{"start":{"line":29,"column":54},"end":{"line":34,"column":3}},"line":29},"3":{"name":"(anonymous_3)","decl":{"start":{"line":36,"column":18},"end":{"line":36,"column":19}},"loc":{"start":{"line":36,"column":24},"end":{"line":41,"column":3}},"line":36},"4":{"name":"(anonymous_4)","decl":{"start":{"line":38,"column":11},"end":{"line":38,"column":12}},"loc":{"start":{"line":38,"column":17},"end":{"line":40,"column":5}},"line":38}},"branchMap":{"0":{"loc":{"start":{"line":30,"column":4},"end":{"line":32,"column":5}},"type":"if","locations":[{"start":{"line":30,"column":4},"end":{"line":32,"column":5}},{"start":{"line":30,"column":4},"end":{"line":32,"column":5}}],"line":30},"1":{"loc":{"start":{"line":30,"column":8},"end":{"line":30,"column":52}},"type":"binary-expr","locations":[{"start":{"line":30,"column":8},"end":{"line":30,"column":31}},{"start":{"line":30,"column":35},"end":{"line":30,"column":52}}],"line":30},"2":{"loc":{"start":{"line":43,"column":2},"end":{"line":47,"column":3}},"type":"if","locations":[{"start":{"line":43,"column":2},"end":{"line":47,"column":3}},{"start":{"line":43,"column":2},"end":{"line":47,"column":3}}],"line":43}},"s":{"0":0,"1":0,"2":0,"3":0,"4":0,"5":0,"6":0,"7":0,"8":0,"9":0,"10":0,"11":0,"12":0,"13":0,"14":0,"15":0,"16":0,"17":0,"18":0,"19":0,"20":0},"f":{"0":0,"1":0,"2":0,"3":0,"4":0},"b":{"0":[0,0],"1":[0,0],"2":[0,0]},"hash":"b8e0d8f4ad2cb59034e18705c7af9dd0790e2c29"}
,"/Users/miclo/fiximize/app/screens/AsIsEstimate/index.ts": {"path":"/Users/miclo/fiximize/app/screens/AsIsEstimate/index.ts","statementMap":{},"fnMap":{},"branchMap":{},"s":{},"f":{},"b":{},"hash":"38bd629993f406564e6832b64fc2b7861a2d726a"}
,"/Users/miclo/fiximize/app/screens/AsIsEstimate/strings.ts": {"path":"/Users/miclo/fiximize/app/screens/AsIsEstimate/strings.ts","statementMap":{"0":{"start":{"line":1,"column":16},"end":{"line":3,"column":1}}},"fnMap":{},"branchMap":{},"s":{"0":0},"f":{},"b":{},"hash":"c1ef0b399b523892374298601ac3e8a518184ea4"}
,"/Users/miclo/fiximize/app/screens/AsIsEstimate/AsIsEstimateView/AsIsEstimateView.tsx": {"path":"/Users/miclo/fiximize/app/screens/AsIsEstimate/AsIsEstimateView/AsIsEstimateView.tsx","statementMap":{"0":{"start":{"line":13,"column":69},"end":{"line":64,"column":1}},"1":{"start":{"line":14,"column":62},"end":{"line":14,"column":67}},"2":{"start":{"line":16,"column":2},"end":{"line":19,"column":9}},"3":{"start":{"line":17,"column":4},"end":{"line":17,"column":41}},"4":{"start":{"line":18,"column":4},"end":{"line":18,"column":58}},"5":{"start":{"line":18,"column":18},"end":{"line":18,"column":57}},"6":{"start":{"line":21,"column":2},"end":{"line":63,"column":4}}},"fnMap":{"0":{"name":"(anonymous_0)","decl":{"start":{"line":13,"column":69},"end":{"line":13,"column":70}},"loc":{"start":{"line":13,"column":80},"end":{"line":64,"column":1}},"line":13},"1":{"name":"(anonymous_1)","decl":{"start":{"line":16,"column":18},"end":{"line":16,"column":19}},"loc":{"start":{"line":16,"column":24},"end":{"line":19,"column":3}},"line":16},"2":{"name":"(anonymous_2)","decl":{"start":{"line":18,"column":11},"end":{"line":18,"column":12}},"loc":{"start":{"line":18,"column":17},"end":{"line":18,"column":58}},"line":18}},"branchMap":{"0":{"loc":{"start":{"line":25,"column":18},"end":{"line":25,"column":63}},"type":"cond-expr","locations":[{"start":{"line":25,"column":42},"end":{"line":25,"column":51}},{"start":{"line":25,"column":54},"end":{"line":25,"column":63}}],"line":25},"1":{"loc":{"start":{"line":31,"column":17},"end":{"line":31,"column":61}},"type":"binary-expr","locations":[{"start":{"line":31,"column":17},"end":{"line":31,"column":40}},{"start":{"line":31,"column":44},"end":{"line":31,"column":61}}],"line":31}},"s":{"0":0,"1":0,"2":0,"3":0,"4":0,"5":0,"6":0},"f":{"0":0,"1":0,"2":0},"b":{"0":[0,0],"1":[0,0]},"hash":"5b4a51c12fcdb39cfb7b28c53fbd6cdcfa2d0850"}
,"/Users/miclo/fiximize/app/screens/AsIsEstimate/AsIsEstimateView/index.ts": {"path":"/Users/miclo/fiximize/app/screens/AsIsEstimate/AsIsEstimateView/index.ts","statementMap":{},"fnMap":{},"branchMap":{},"s":{},"f":{},"b":{},"hash":"1dce3029a8e5f5dc710912129ddd590febd3031a"}
,"/Users/miclo/fiximize/app/screens/AsIsEstimate/AsIsEstimateView/strings.ts": {"path":"/Users/miclo/fiximize/app/screens/AsIsEstimate/AsIsEstimateView/strings.ts","statementMap":{"0":{"start":{"line":1,"column":16},"end":{"line":3,"column":1}}},"fnMap":{},"branchMap":{},"s":{"0":0},"f":{},"b":{},"hash":"4af4073c3e726980adb68e9a610913dc836e20b3"}
,"/Users/miclo/fiximize/app/screens/AsIsEstimate/AsIsEstimateView/styles.ts": {"path":"/Users/miclo/fiximize/app/screens/AsIsEstimate/AsIsEstimateView/styles.ts","statementMap":{"0":{"start":{"line":4,"column":15},"end":{"line":36,"column":2}}},"fnMap":{},"branchMap":{},"s":{"0":0},"f":{},"b":{},"hash":"f31b3f4c5ea692eece70b55281613931cb36aae2"}
,"/Users/miclo/fiximize/app/screens/FiximizeQuestions/Autocomplete/Autocomplete.tsx": {"path":"/Users/miclo/fiximize/app/screens/FiximizeQuestions/Autocomplete/Autocomplete.tsx","statementMap":{"0":{"start":{"line":18,"column":36},"end":{"line":18,"column":38}},"1":{"start":{"line":19,"column":39},"end":{"line":19,"column":41}},"2":{"start":{"line":20,"column":34},"end":{"line":20,"column":36}},"3":{"start":{"line":21,"column":30},"end":{"line":21,"column":32}},"4":{"start":{"line":22,"column":26},"end":{"line":22,"column":28}},"5":{"start":{"line":24,"column":28},"end":{"line":30,"column":1}},"6":{"start":{"line":32,"column":35},"end":{"line":46,"column":1}},"7":{"start":{"line":55,"column":74},"end":{"line":231,"column":1}},"8":{"start":{"line":56,"column":22},"end":{"line":58,"column":4}},"9":{"start":{"line":60,"column":36},"end":{"line":60,"column":85}},"10":{"start":{"line":62,"column":32},"end":{"line":62,"column":50}},"11":{"start":{"line":63,"column":52},"end":{"line":63,"column":71}},"12":{"start":{"line":64,"column":28},"end":{"line":64,"column":46}},"13":{"start":{"line":65,"column":44},"end":{"line":65,"column":62}},"14":{"start":{"line":66,"column":60},"end":{"line":66,"column":81}},"15":{"start":{"line":67,"column":28},"end":{"line":67,"column":49}},"16":{"start":{"line":68,"column":42},"end":{"line":68,"column":63}},"17":{"start":{"line":69,"column":38},"end":{"line":69,"column":56}},"18":{"start":{"line":71,"column":27},"end":{"line":71,"column":31}},"19":{"start":{"line":72,"column":27},"end":{"line":72,"column":31}},"20":{"start":{"line":73,"column":23},"end":{"line":73,"column":24}},"21":{"start":{"line":75,"column":27},"end":{"line":80,"column":3}},"22":{"start":{"line":76,"column":4},"end":{"line":76,"column":20}},"23":{"start":{"line":77,"column":4},"end":{"line":77,"column":36}},"24":{"start":{"line":78,"column":4},"end":{"line":78,"column":20}},"25":{"start":{"line":79,"column":4},"end":{"line":79,"column":31}},"26":{"start":{"line":82,"column":32},"end":{"line":85,"column":3}},"27":{"start":{"line":83,"column":4},"end":{"line":83,"column":23}},"28":{"start":{"line":84,"column":4},"end":{"line":84,"column":30}},"29":{"start":{"line":87,"column":32},"end":{"line":90,"column":3}},"30":{"start":{"line":88,"column":4},"end":{"line":88,"column":28}},"31":{"start":{"line":89,"column":4},"end":{"line":89,"column":30}},"32":{"start":{"line":92,"column":23},"end":{"line":94,"column":3}},"33":{"start":{"line":93,"column":4},"end":{"line":93,"column":30}},"34":{"start":{"line":96,"column":28},"end":{"line":99,"column":3}},"35":{"start":{"line":97,"column":4},"end":{"line":97,"column":20}},"36":{"start":{"line":98,"column":4},"end":{"line":98,"column":35}},"37":{"start":{"line":101,"column":24},"end":{"line":117,"column":3}},"38":{"start":{"line":102,"column":27},"end":{"line":102,"column":32}},"39":{"start":{"line":103,"column":4},"end":{"line":103,"column":27}},"40":{"start":{"line":104,"column":4},"end":{"line":116,"column":5}},"41":{"start":{"line":105,"column":6},"end":{"line":105,"column":109}},"42":{"start":{"line":107,"column":21},"end":{"line":107,"column":83}},"43":{"start":{"line":108,"column":6},"end":{"line":115,"column":7}},"44":{"start":{"line":109,"column":8},"end":{"line":109,"column":68}},"45":{"start":{"line":110,"column":8},"end":{"line":110,"column":64}},"46":{"start":{"line":111,"column":8},"end":{"line":111,"column":30}},"47":{"start":{"line":113,"column":8},"end":{"line":113,"column":23}},"48":{"start":{"line":114,"column":8},"end":{"line":114,"column":15}},"49":{"start":{"line":119,"column":30},"end":{"line":123,"column":3}},"50":{"start":{"line":120,"column":27},"end":{"line":120,"column":32}},"51":{"start":{"line":121,"column":4},"end":{"line":121,"column":27}},"52":{"start":{"line":122,"column":4},"end":{"line":122,"column":121}},"53":{"start":{"line":125,"column":27},"end":{"line":127,"column":3}},"54":{"start":{"line":126,"column":4},"end":{"line":126,"column":27}},"55":{"start":{"line":129,"column":24},"end":{"line":140,"column":3}},"56":{"start":{"line":130,"column":4},"end":{"line":139,"column":5}},"57":{"start":{"line":131,"column":21},"end":{"line":131,"column":63}},"58":{"start":{"line":132,"column":24},"end":{"line":132,"column":26}},"59":{"start":{"line":133,"column":6},"end":{"line":135,"column":7}},"60":{"start":{"line":134,"column":8},"end":{"line":134,"column":85}},"61":{"start":{"line":134,"column":73},"end":{"line":134,"column":83}},"62":{"start":{"line":136,"column":22},"end":{"line":136,"column":66}},"63":{"start":{"line":136,"column":49},"end":{"line":136,"column":64}},"64":{"start":{"line":137,"column":6},"end":{"line":137,"column":34}},"65":{"start":{"line":138,"column":6},"end":{"line":138,"column":26}},"66":{"start":{"line":142,"column":34},"end":{"line":170,"column":3}},"67":{"start":{"line":143,"column":57},"end":{"line":143,"column":81}},"68":{"start":{"line":144,"column":21},"end":{"line":144,"column":47}},"69":{"start":{"line":145,"column":35},"end":{"line":145,"column":58}},"70":{"start":{"line":147,"column":4},"end":{"line":168,"column":5}},"71":{"start":{"line":149,"column":8},"end":{"line":158,"column":32}},"72":{"start":{"line":159,"column":8},"end":{"line":159,"column":14}},"73":{"start":{"line":161,"column":8},"end":{"line":165,"column":30}},"74":{"start":{"line":166,"column":8},"end":{"line":166,"column":14}},"75":{"start":{"line":169,"column":4},"end":{"line":169,"column":44}},"76":{"start":{"line":172,"column":2},"end":{"line":181,"column":9}},"77":{"start":{"line":173,"column":4},"end":{"line":173,"column":38}},"78":{"start":{"line":174,"column":4},"end":{"line":174,"column":88}},"79":{"start":{"line":175,"column":4},"end":{"line":175,"column":88}},"80":{"start":{"line":176,"column":4},"end":{"line":180,"column":5}},"81":{"start":{"line":177,"column":6},"end":{"line":177,"column":34}},"82":{"start":{"line":178,"column":6},"end":{"line":178,"column":34}},"83":{"start":{"line":179,"column":6},"end":{"line":179,"column":41}},"84":{"start":{"line":183,"column":2},"end":{"line":230,"column":3}}},"fnMap":{"0":{"name":"(anonymous_0)","decl":{"start":{"line":55,"column":74},"end":{"line":55,"column":75}},"loc":{"start":{"line":55,"column":85},"end":{"line":231,"column":1}},"line":55},"1":{"name":"(anonymous_1)","decl":{"start":{"line":75,"column":27},"end":{"line":75,"column":28}},"loc":{"start":{"line":75,"column":44},"end":{"line":80,"column":3}},"line":75},"2":{"name":"(anonymous_2)","decl":{"start":{"line":82,"column":32},"end":{"line":82,"column":33}},"loc":{"start":{"line":82,"column":38},"end":{"line":85,"column":3}},"line":82},"3":{"name":"(anonymous_3)","decl":{"start":{"line":87,"column":32},"end":{"line":87,"column":33}},"loc":{"start":{"line":87,"column":68},"end":{"line":90,"column":3}},"line":87},"4":{"name":"(anonymous_4)","decl":{"start":{"line":92,"column":23},"end":{"line":92,"column":24}},"loc":{"start":{"line":92,"column":29},"end":{"line":94,"column":3}},"line":92},"5":{"name":"(anonymous_5)","decl":{"start":{"line":96,"column":28},"end":{"line":96,"column":29}},"loc":{"start":{"line":96,"column":39},"end":{"line":99,"column":3}},"line":96},"6":{"name":"(anonymous_6)","decl":{"start":{"line":101,"column":24},"end":{"line":101,"column":25}},"loc":{"start":{"line":101,"column":36},"end":{"line":117,"column":3}},"line":101},"7":{"name":"(anonymous_7)","decl":{"start":{"line":119,"column":30},"end":{"line":119,"column":31}},"loc":{"start":{"line":119,"column":42},"end":{"line":123,"column":3}},"line":119},"8":{"name":"(anonymous_8)","decl":{"start":{"line":125,"column":27},"end":{"line":125,"column":28}},"loc":{"start":{"line":125,"column":39},"end":{"line":127,"column":3}},"line":125},"9":{"name":"(anonymous_9)","decl":{"start":{"line":129,"column":24},"end":{"line":129,"column":25}},"loc":{"start":{"line":129,"column":41},"end":{"line":140,"column":3}},"line":129},"10":{"name":"(anonymous_10)","decl":{"start":{"line":134,"column":65},"end":{"line":134,"column":66}},"loc":{"start":{"line":134,"column":73},"end":{"line":134,"column":83}},"line":134},"11":{"name":"(anonymous_11)","decl":{"start":{"line":136,"column":38},"end":{"line":136,"column":39}},"loc":{"start":{"line":136,"column":49},"end":{"line":136,"column":64}},"line":136},"12":{"name":"(anonymous_12)","decl":{"start":{"line":142,"column":34},"end":{"line":142,"column":35}},"loc":{"start":{"line":142,"column":40},"end":{"line":170,"column":3}},"line":142},"13":{"name":"(anonymous_13)","decl":{"start":{"line":172,"column":18},"end":{"line":172,"column":19}},"loc":{"start":{"line":172,"column":24},"end":{"line":181,"column":3}},"line":172},"14":{"name":"(anonymous_14)","decl":{"start":{"line":176,"column":11},"end":{"line":176,"column":12}},"loc":{"start":{"line":176,"column":17},"end":{"line":180,"column":5}},"line":176}},"branchMap":{"0":{"loc":{"start":{"line":104,"column":4},"end":{"line":116,"column":5}},"type":"if","locations":[{"start":{"line":104,"column":4},"end":{"line":116,"column":5}},{"start":{"line":104,"column":4},"end":{"line":116,"column":5}}],"line":104},"1":{"loc":{"start":{"line":108,"column":6},"end":{"line":115,"column":7}},"type":"if","locations":[{"start":{"line":108,"column":6},"end":{"line":115,"column":7}},{"start":{"line":108,"column":6},"end":{"line":115,"column":7}}],"line":108},"2":{"loc":{"start":{"line":130,"column":4},"end":{"line":139,"column":5}},"type":"if","locations":[{"start":{"line":130,"column":4},"end":{"line":139,"column":5}},{"start":{"line":130,"column":4},"end":{"line":139,"column":5}}],"line":130},"3":{"loc":{"start":{"line":133,"column":6},"end":{"line":135,"column":7}},"type":"if","locations":[{"start":{"line":133,"column":6},"end":{"line":135,"column":7}},{"start":{"line":133,"column":6},"end":{"line":135,"column":7}}],"line":133},"4":{"loc":{"start":{"line":133,"column":10},"end":{"line":133,"column":73}},"type":"binary-expr","locations":[{"start":{"line":133,"column":10},"end":{"line":133,"column":16}},{"start":{"line":133,"column":20},"end":{"line":133,"column":31}},{"start":{"line":133,"column":35},"end":{"line":133,"column":73}}],"line":133},"5":{"loc":{"start":{"line":147,"column":4},"end":{"line":168,"column":5}},"type":"switch","locations":[{"start":{"line":148,"column":6},"end":{"line":159,"column":14}},{"start":{"line":160,"column":6},"end":{"line":166,"column":14}},{"start":{"line":167,"column":6},"end":{"line":167,"column":14}}],"line":147},"6":{"loc":{"start":{"line":149,"column":28},"end":{"line":158,"column":31}},"type":"cond-expr","locations":[{"start":{"line":150,"column":12},"end":{"line":154,"column":31}},{"start":{"line":155,"column":12},"end":{"line":158,"column":31}}],"line":149}},"s":{"0":0,"1":0,"2":0,"3":0,"4":0,"5":0,"6":0,"7":0,"8":0,"9":0,"10":0,"11":0,"12":0,"13":0,"14":0,"15":0,"16":0,"17":0,"18":0,"19":0,"20":0,"21":0,"22":0,"23":0,"24":0,"25":0,"26":0,"27":0,"28":0,"29":0,"30":0,"31":0,"32":0,"33":0,"34":0,"35":0,"36":0,"37":0,"38":0,"39":0,"40":0,"41":0,"42":0,"43":0,"44":0,"45":0,"46":0,"47":0,"48":0,"49":0,"50":0,"51":0,"52":0,"53":0,"54":0,"55":0,"56":0,"57":0,"58":0,"59":0,"60":0,"61":0,"62":0,"63":0,"64":0,"65":0,"66":0,"67":0,"68":0,"69":0,"70":0,"71":0,"72":0,"73":0,"74":0,"75":0,"76":0,"77":0,"78":0,"79":0,"80":0,"81":0,"82":0,"83":0,"84":0},"f":{"0":0,"1":0,"2":0,"3":0,"4":0,"5":0,"6":0,"7":0,"8":0,"9":0,"10":0,"11":0,"12":0,"13":0,"14":0},"b":{"0":[0,0],"1":[0,0],"2":[0,0],"3":[0,0],"4":[0,0,0],"5":[0,0,0],"6":[0,0]},"hash":"6e780e4e25c98a6b61ac02d8e51f93e79396d27d"}
,"/Users/miclo/fiximize/app/screens/FiximizeQuestions/Autocomplete/index.ts": {"path":"/Users/miclo/fiximize/app/screens/FiximizeQuestions/Autocomplete/index.ts","statementMap":{},"fnMap":{},"branchMap":{},"s":{},"f":{},"b":{},"hash":"bfd0012d805bcad55f348b2cfd4a03d03e00c0f0"}
,"/Users/miclo/fiximize/app/screens/FiximizeQuestions/Autocomplete/strings.ts": {"path":"/Users/miclo/fiximize/app/screens/FiximizeQuestions/Autocomplete/strings.ts","statementMap":{"0":{"start":{"line":1,"column":16},"end":{"line":3,"column":1}}},"fnMap":{},"branchMap":{},"s":{"0":0},"f":{},"b":{},"hash":"c8f0f36eed566725d22410d51fbf1576eebf3568"}
,"/Users/miclo/fiximize/app/screens/FiximizeQuestions/Autocomplete/styles.ts": {"path":"/Users/miclo/fiximize/app/screens/FiximizeQuestions/Autocomplete/styles.ts","statementMap":{"0":{"start":{"line":4,"column":15},"end":{"line":33,"column":2}}},"fnMap":{},"branchMap":{},"s":{"0":0},"f":{},"b":{},"hash":"39bfeee08472dba177de596bd324f321e2c6c12f"}
,"/Users/miclo/fiximize/app/screens/FiximizeQuestions/Autocomplete/AutocompleteView/AutocompleteView.tsx": {"path":"/Users/miclo/fiximize/app/screens/FiximizeQuestions/Autocomplete/AutocompleteView/AutocompleteView.tsx","statementMap":{"0":{"start":{"line":18,"column":69},"end":{"line":74,"column":1}},"1":{"start":{"line":28,"column":6},"end":{"line":28,"column":11}},"2":{"start":{"line":29,"column":2},"end":{"line":73,"column":4}},"3":{"start":{"line":53,"column":14},"end":{"line":56,"column":16}}},"fnMap":{"0":{"name":"(anonymous_0)","decl":{"start":{"line":18,"column":69},"end":{"line":18,"column":70}},"loc":{"start":{"line":18,"column":80},"end":{"line":74,"column":1}},"line":18},"1":{"name":"(anonymous_1)","decl":{"start":{"line":52,"column":24},"end":{"line":52,"column":25}},"loc":{"start":{"line":53,"column":14},"end":{"line":56,"column":16}},"line":53}},"branchMap":{"0":{"loc":{"start":{"line":48,"column":31},"end":{"line":48,"column":92}},"type":"cond-expr","locations":[{"start":{"line":48,"column":71},"end":{"line":48,"column":88}},{"start":{"line":48,"column":91},"end":{"line":48,"column":92}}],"line":48},"1":{"loc":{"start":{"line":48,"column":31},"end":{"line":48,"column":68}},"type":"binary-expr","locations":[{"start":{"line":48,"column":31},"end":{"line":48,"column":46}},{"start":{"line":48,"column":50},"end":{"line":48,"column":68}}],"line":48}},"s":{"0":0,"1":0,"2":0,"3":0},"f":{"0":0,"1":0},"b":{"0":[0,0],"1":[0,0]},"hash":"c1e570b0291690b6e1bd99f56c7fd983d3efabe9"}
,"/Users/miclo/fiximize/app/screens/FiximizeQuestions/Autocomplete/AutocompleteView/index.ts": {"path":"/Users/miclo/fiximize/app/screens/FiximizeQuestions/Autocomplete/AutocompleteView/index.ts","statementMap":{},"fnMap":{},"branchMap":{},"s":{},"f":{},"b":{},"hash":"9a426df15566cb34c3bd1ae053472e9445782f16"}
,"/Users/miclo/fiximize/app/screens/FiximizeQuestions/Autocomplete/AutocompleteView/styles.ts": {"path":"/Users/miclo/fiximize/app/screens/FiximizeQuestions/Autocomplete/AutocompleteView/styles.ts","statementMap":{"0":{"start":{"line":4,"column":15},"end":{"line":36,"column":2}}},"fnMap":{},"branchMap":{},"s":{"0":0},"f":{},"b":{},"hash":"fa0608cce7830dd4953189bfde5d4d835b7437f1"}
,"/Users/miclo/fiximize/app/screens/FiximizeQuestions/Autocomplete/AutocompleteView/AutocompleteOption/AutocompleteOption.tsx": {"path":"/Users/miclo/fiximize/app/screens/FiximizeQuestions/Autocomplete/AutocompleteView/AutocompleteOption/AutocompleteOption.tsx","statementMap":{"0":{"start":{"line":10,"column":73},"end":{"line":23,"column":1}},"1":{"start":{"line":12,"column":45},"end":{"line":12,"column":50}},"2":{"start":{"line":14,"column":24},"end":{"line":16,"column":11}},"3":{"start":{"line":15,"column":4},"end":{"line":15,"column":23}},"4":{"start":{"line":18,"column":2},"end":{"line":22,"column":3}}},"fnMap":{"0":{"name":"(anonymous_0)","decl":{"start":{"line":10,"column":73},"end":{"line":10,"column":74}},"loc":{"start":{"line":10,"column":84},"end":{"line":23,"column":1}},"line":10},"1":{"name":"(anonymous_1)","decl":{"start":{"line":14,"column":76},"end":{"line":14,"column":77}},"loc":{"start":{"line":14,"column":82},"end":{"line":16,"column":3}},"line":14}},"branchMap":{},"s":{"0":0,"1":0,"2":0,"3":0,"4":0},"f":{"0":0,"1":0},"b":{},"hash":"3ec442aa54615426695b5b458785d03212fa17a4"}
,"/Users/miclo/fiximize/app/screens/FiximizeQuestions/Autocomplete/AutocompleteView/AutocompleteOption/index.ts": {"path":"/Users/miclo/fiximize/app/screens/FiximizeQuestions/Autocomplete/AutocompleteView/AutocompleteOption/index.ts","statementMap":{},"fnMap":{},"branchMap":{},"s":{},"f":{},"b":{},"hash":"7a38bc78c68c73a46b121303f84209444b816495"}
,"/Users/miclo/fiximize/app/screens/FiximizeQuestions/Autocomplete/AutocompleteView/AutocompleteOption/styles.ts": {"path":"/Users/miclo/fiximize/app/screens/FiximizeQuestions/Autocomplete/AutocompleteView/AutocompleteOption/styles.ts","statementMap":{"0":{"start":{"line":3,"column":15},"end":{"line":8,"column":2}}},"fnMap":{},"branchMap":{},"s":{"0":0},"f":{},"b":{},"hash":"b93069e58366a7a3b452a0902427a7caf7de1a85"}
,"/Users/miclo/fiximize/app/screens/FiximizeQuestions/BedroomSize/BedroomSize.tsx": {"path":"/Users/miclo/fiximize/app/screens/FiximizeQuestions/BedroomSize/BedroomSize.tsx","statementMap":{"0":{"start":{"line":17,"column":59},"end":{"line":70,"column":1}},"1":{"start":{"line":18,"column":15},"end":{"line":18,"column":62}},"2":{"start":{"line":19,"column":29},"end":{"line":19,"column":33}},"3":{"start":{"line":20,"column":52},"end":{"line":20,"column":57}},"4":{"start":{"line":22,"column":54},"end":{"line":27,"column":3}},"5":{"start":{"line":23,"column":4},"end":{"line":25,"column":5}},"6":{"start":{"line":24,"column":6},"end":{"line":24,"column":13}},"7":{"start":{"line":26,"column":4},"end":{"line":26,"column":41}},"8":{"start":{"line":29,"column":2},"end":{"line":38,"column":9}},"9":{"start":{"line":30,"column":4},"end":{"line":36,"column":5}},"10":{"start":{"line":37,"column":4},"end":{"line":37,"column":53}},"11":{"start":{"line":37,"column":18},"end":{"line":37,"column":52}},"12":{"start":{"line":40,"column":2},"end":{"line":69,"column":4}}},"fnMap":{"0":{"name":"(anonymous_0)","decl":{"start":{"line":17,"column":59},"end":{"line":17,"column":60}},"loc":{"start":{"line":17,"column":70},"end":{"line":70,"column":1}},"line":17},"1":{"name":"(anonymous_1)","decl":{"start":{"line":22,"column":54},"end":{"line":22,"column":55}},"loc":{"start":{"line":22,"column":60},"end":{"line":27,"column":3}},"line":22},"2":{"name":"(anonymous_2)","decl":{"start":{"line":29,"column":18},"end":{"line":29,"column":19}},"loc":{"start":{"line":29,"column":24},"end":{"line":38,"column":3}},"line":29},"3":{"name":"(anonymous_3)","decl":{"start":{"line":37,"column":11},"end":{"line":37,"column":12}},"loc":{"start":{"line":37,"column":17},"end":{"line":37,"column":53}},"line":37}},"branchMap":{"0":{"loc":{"start":{"line":23,"column":4},"end":{"line":25,"column":5}},"type":"if","locations":[{"start":{"line":23,"column":4},"end":{"line":25,"column":5}},{"start":{"line":23,"column":4},"end":{"line":25,"column":5}}],"line":23},"1":{"loc":{"start":{"line":23,"column":7},"end":{"line":23,"column":61}},"type":"binary-expr","locations":[{"start":{"line":23,"column":7},"end":{"line":23,"column":13}},{"start":{"line":23,"column":17},"end":{"line":23,"column":31}},{"start":{"line":23,"column":35},"end":{"line":23,"column":61}}],"line":23},"2":{"loc":{"start":{"line":30,"column":4},"end":{"line":36,"column":5}},"type":"if","locations":[{"start":{"line":30,"column":4},"end":{"line":36,"column":5}},{"start":{"line":30,"column":4},"end":{"line":36,"column":5}}],"line":30},"3":{"loc":{"start":{"line":43,"column":16},"end":{"line":43,"column":61}},"type":"cond-expr","locations":[{"start":{"line":43,"column":40},"end":{"line":43,"column":49}},{"start":{"line":43,"column":52},"end":{"line":43,"column":61}}],"line":43},"4":{"loc":{"start":{"line":50,"column":15},"end":{"line":50,"column":69}},"type":"binary-expr","locations":[{"start":{"line":50,"column":15},"end":{"line":50,"column":21}},{"start":{"line":50,"column":25},"end":{"line":50,"column":39}},{"start":{"line":50,"column":43},"end":{"line":50,"column":69}}],"line":50}},"s":{"0":0,"1":0,"2":0,"3":0,"4":0,"5":0,"6":0,"7":0,"8":0,"9":0,"10":0,"11":0,"12":0},"f":{"0":0,"1":0,"2":0,"3":0},"b":{"0":[0,0],"1":[0,0,0],"2":[0,0],"3":[0,0],"4":[0,0,0]},"hash":"5ff611458ebbf37691af88b840bfd0a53b2e05eb"}
,"/Users/miclo/fiximize/app/screens/FiximizeQuestions/BedroomSize/index.ts": {"path":"/Users/miclo/fiximize/app/screens/FiximizeQuestions/BedroomSize/index.ts","statementMap":{},"fnMap":{},"branchMap":{},"s":{},"f":{},"b":{},"hash":"ab588d31dbe578abf4823a4496629b9783496ac0"}
,"/Users/miclo/fiximize/app/screens/FiximizeQuestions/BedroomSize/strings.ts": {"path":"/Users/miclo/fiximize/app/screens/FiximizeQuestions/BedroomSize/strings.ts","statementMap":{"0":{"start":{"line":1,"column":16},"end":{"line":3,"column":1}}},"fnMap":{},"branchMap":{},"s":{"0":0},"f":{},"b":{},"hash":"2bbd740ba6774ca67ded53e4ea9101d50d505ace"}
,"/Users/miclo/fiximize/app/screens/FiximizeQuestions/BedroomSize/styles.ts": {"path":"/Users/miclo/fiximize/app/screens/FiximizeQuestions/BedroomSize/styles.ts","statementMap":{"0":{"start":{"line":4,"column":15},"end":{"line":34,"column":2}}},"fnMap":{},"branchMap":{},"s":{"0":0},"f":{},"b":{},"hash":"f1b97888fabd8d3399e6423d4388e9506d3cc548"}
[...]
ine":91,"column":3}},"line":86},"5":{"name":"(anonymous_5)","decl":{"start":{"line":88,"column":11},"end":{"line":88,"column":12}},"loc":{"start":{"line":88,"column":17},"end":{"line":90,"column":5}},"line":88}},"branchMap":{"0":{"loc":{"start":{"line":48,"column":4},"end":{"line":67,"column":5}},"type":"if","locations":[{"start":{"line":48,"column":4},"end":{"line":67,"column":5}},{"start":{"line":48,"column":4},"end":{"line":67,"column":5}}],"line":48},"1":{"loc":{"start":{"line":49,"column":6},"end":{"line":66,"column":7}},"type":"if","locations":[{"start":{"line":49,"column":6},"end":{"line":66,"column":7}},{"start":{"line":49,"column":6},"end":{"line":66,"column":7}}],"line":49},"2":{"loc":{"start":{"line":52,"column":10},"end":{"line":60,"column":11}},"type":"if","locations":[{"start":{"line":52,"column":10},"end":{"line":60,"column":11}},{"start":{"line":52,"column":10},"end":{"line":60,"column":11}}],"line":52},"3":{"loc":{"start":{"line":57,"column":17},"end":{"line":60,"column":11}},"type":"if","locations":[{"start":{"line":57,"column":17},"end":{"line":60,"column":11}},{"start":{"line":57,"column":17},"end":{"line":60,"column":11}}],"line":57},"4":{"loc":{"start":{"line":62,"column":13},"end":{"line":66,"column":7}},"type":"if","locations":[{"start":{"line":62,"column":13},"end":{"line":66,"column":7}},{"start":{"line":62,"column":13},"end":{"line":66,"column":7}}],"line":62},"5":{"loc":{"start":{"line":63,"column":42},"end":{"line":63,"column":84}},"type":"cond-expr","locations":[{"start":{"line":63,"column":57},"end":{"line":63,"column":61}},{"start":{"line":63,"column":64},"end":{"line":63,"column":84}}],"line":63},"6":{"loc":{"start":{"line":63,"column":64},"end":{"line":63,"column":84}},"type":"cond-expr","locations":[{"start":{"line":63,"column":72},"end":{"line":63,"column":77}},{"start":{"line":63,"column":80},"end":{"line":63,"column":84}}],"line":63},"7":{"loc":{"start":{"line":65,"column":42},"end":{"line":65,"column":69}},"type":"cond-expr","locations":[{"start":{"line":65,"column":57},"end":{"line":65,"column":61}},{"start":{"line":65,"column":64},"end":{"line":65,"column":69}}],"line":65},"8":{"loc":{"start":{"line":68,"column":4},"end":{"line":76,"column":5}},"type":"if","locations":[{"start":{"line":68,"column":4},"end":{"line":76,"column":5}},{"start":{"line":68,"column":4},"end":{"line":76,"column":5}}],"line":68},"9":{"loc":{"start":{"line":93,"column":2},"end":{"line":97,"column":3}},"type":"if","locations":[{"start":{"line":93,"column":2},"end":{"line":97,"column":3}},{"start":{"line":93,"column":2},"end":{"line":97,"column":3}}],"line":93}},"s":{"0":0,"1":0,"2":0,"3":0,"4":0,"5":0,"6":0,"7":0,"8":0,"9":0,"10":0,"11":0,"12":0,"13":0,"14":0,"15":0,"16":0,"17":0,"18":0,"19":0,"20":0,"21":0,"22":0,"23":0,"24":0,"25":0,"26":0,"27":0,"28":0,"29":0,"30":0,"31":0,"32":0,"33":0,"34":0,"35":0,"36":0,"37":0,"38":0,"39":0,"40":0},"f":{"0":0,"1":0,"2":0,"3":0,"4":0,"5":0},"b":{"0":[0,0],"1":[0,0],"2":[0,0],"3":[0,0],"4":[0,0],"5":[0,0],"6":[0,0],"7":[0,0],"8":[0,0],"9":[0,0]},"hash":"4ecd38d810ac99367d484a8a537649358d927154"}
,"/Users/miclo/fiximize/app/screens/RehabRecordsDetail/index.ts": {"path":"/Users/miclo/fiximize/app/screens/RehabRecordsDetail/index.ts","statementMap":{},"fnMap":{},"branchMap":{},"s":{},"f":{},"b":{},"hash":"d71ff0a64a693ab13a4ce50507848ca451798915"}
,"/Users/miclo/fiximize/app/screens/RehabRecordsDetail/strings.ts": {"path":"/Users/miclo/fiximize/app/screens/RehabRecordsDetail/strings.ts","statementMap":{"0":{"start":{"line":1,"column":16},"end":{"line":3,"column":1}}},"fnMap":{},"branchMap":{},"s":{"0":0},"f":{},"b":{},"hash":"388da05883ca201b7a0ad14d2b9e8ff722a2dd52"}
,"/Users/miclo/fiximize/app/screens/RehabRecordsDetail/utils.ts": {"path":"/Users/miclo/fiximize/app/screens/RehabRecordsDetail/utils.ts","statementMap":{"0":{"start":{"line":1,"column":33},"end":{"line":81,"column":1}},"1":{"start":{"line":2,"column":2},"end":{"line":80,"column":3}},"2":{"start":{"line":4,"column":6},"end":{"line":7,"column":8}},"3":{"start":{"line":9,"column":6},"end":{"line":12,"column":8}},"4":{"start":{"line":14,"column":6},"end":{"line":17,"column":8}},"5":{"start":{"line":19,"column":6},"end":{"line":22,"column":8}},"6":{"start":{"line":24,"column":6},"end":{"line":27,"column":8}},"7":{"start":{"line":29,"column":6},"end":{"line":32,"column":8}},"8":{"start":{"line":34,"column":6},"end":{"line":37,"column":8}},"9":{"start":{"line":39,"column":6},"end":{"line":42,"column":8}},"10":{"start":{"line":44,"column":6},"end":{"line":47,"column":8}},"11":{"start":{"line":49,"column":6},"end":{"line":52,"column":8}},"12":{"start":{"line":54,"column":6},"end":{"line":57,"column":8}},"13":{"start":{"line":59,"column":6},"end":{"line":62,"column":8}},"14":{"start":{"line":64,"column":6},"end":{"line":67,"column":8}},"15":{"start":{"line":69,"column":6},"end":{"line":72,"column":8}},"16":{"start":{"line":74,"column":6},"end":{"line":77,"column":8}},"17":{"start":{"line":79,"column":6},"end":{"line":79,"column":16}}},"fnMap":{"0":{"name":"(anonymous_0)","decl":{"start":{"line":1,"column":33},"end":{"line":1,"column":34}},"loc":{"start":{"line":1,"column":54},"end":{"line":81,"column":1}},"line":1}},"branchMap":{"0":{"loc":{"start":{"line":1,"column":39},"end":{"line":1,"column":49}},"type":"default-arg","locations":[{"start":{"line":1,"column":47},"end":{"line":1,"column":49}}],"line":1},"1":{"loc":{"start":{"line":2,"column":2},"end":{"line":80,"column":3}},"type":"switch","locations":[{"start":{"line":3,"column":4},"end":{"line":7,"column":8}},{"start":{"line":8,"column":4},"end":{"line":12,"column":8}},{"start":{"line":13,"column":4},"end":{"line":17,"column":8}},{"start":{"line":18,"column":4},"end":{"line":22,"column":8}},{"start":{"line":23,"column":4},"end":{"line":27,"column":8}},{"start":{"line":28,"column":4},"end":{"line":32,"column":8}},{"start":{"line":33,"column":4},"end":{"line":37,"column":8}},{"start":{"line":38,"column":4},"end":{"line":42,"column":8}},{"start":{"line":43,"column":4},"end":{"line":47,"column":8}},{"start":{"line":48,"column":4},"end":{"line":52,"column":8}},{"start":{"line":53,"column":4},"end":{"line":57,"column":8}},{"start":{"line":58,"column":4},"end":{"line":62,"column":8}},{"start":{"line":63,"column":4},"end":{"line":67,"column":8}},{"start":{"line":68,"column":4},"end":{"line":72,"column":8}},{"start":{"line":73,"column":4},"end":{"line":77,"column":8}},{"start":{"line":78,"column":4},"end":{"line":79,"column":16}}],"line":2}},"s":{"0":0,"1":0,"2":0,"3":0,"4":0,"5":0,"6":0,"7":0,"8":0,"9":0,"10":0,"11":0,"12":0,"13":0,"14":0,"15":0,"16":0,"17":0},"f":{"0":0},"b":{"0":[0],"1":[0,0,0,0,0,0,0,0,0,0,0,0,0,0,0,0]},"hash":"a926101e7481bd81f8ada7118bdf92abc31ae32e"}
,"/Users/miclo/fiximize/app/screens/RehabRecordsDetail/RehabRecordsDetailView/RehabRecordsDetailView.tsx": {"path":"/Users/miclo/fiximize/app/screens/RehabRecordsDetail/RehabRecordsDetailView/RehabRecordsDetailView.tsx","statementMap":{"0":{"start":{"line":12,"column":69},"end":{"line":52,"column":1}},"1":{"start":{"line":13,"column":73},"end":{"line":13,"column":78}},"2":{"start":{"line":15,"column":2},"end":{"line":18,"column":9}},"3":{"start":{"line":16,"column":4},"end":{"line":16,"column":41}},"4":{"start":{"line":17,"column":4},"end":{"line":17,"column":58}},"5":{"start":{"line":17,"column":18},"end":{"line":17,"column":57}},"6":{"start":{"line":20,"column":2},"end":{"line":51,"column":4}},"7":{"start":{"line":24,"column":10},"end":{"line":26,"column":11}},"8":{"start":{"line":25,"column":12},"end":{"line":25,"column":24}},"9":{"start":{"line":27,"column":36},"end":{"line":27,"column":70}},"10":{"start":{"line":28,"column":10},"end":{"line":47,"column":11}},"11":{"start":{"line":38,"column":39},"end":{"line":38,"column":89}}},"fnMap":{"0":{"name":"(anonymous_0)","decl":{"start":{"line":12,"column":69},"end":{"line":12,"column":70}},"loc":{"start":{"line":12,"column":80},"end":{"line":52,"column":1}},"line":12},"1":{"name":"(anonymous_1)","decl":{"start":{"line":15,"column":18},"end":{"line":15,"column":19}},"loc":{"start":{"line":15,"column":24},"end":{"line":18,"column":3}},"line":15},"2":{"name":"(anonymous_2)","decl":{"start":{"line":17,"column":11},"end":{"line":17,"column":12}},"loc":{"start":{"line":17,"column":17},"end":{"line":17,"column":58}},"line":17},"3":{"name":"(anonymous_3)","decl":{"start":{"line":23,"column":19},"end":{"line":23,"column":20}},"loc":{"start":{"line":23,"column":32},"end":{"line":48,"column":9}},"line":23},"4":{"name":"(anonymous_4)","decl":{"start":{"line":38,"column":30},"end":{"line":38,"column":31}},"loc":{"start":{"line":38,"column":39},"end":{"line":38,"column":89}},"line":38}},"branchMap":{"0":{"loc":{"start":{"line":24,"column":10},"end":{"line":26,"column":11}},"type":"if","locations":[{"start":{"line":24,"column":10},"end":{"line":26,"column":11}},{"start":{"line":24,"column":10},"end":{"line":26,"column":11}}],"line":24},"1":{"loc":{"start":{"line":24,"column":14},"end":{"line":24,"column":53}},"type":"binary-expr","locations":[{"start":{"line":24,"column":14},"end":{"line":24,"column":27}},{"start":{"line":24,"column":31},"end":{"line":24,"column":53}}],"line":24},"2":{"loc":{"start":{"line":30,"column":23},"end":{"line":30,"column":145}},"type":"cond-expr","locations":[{"start":{"line":30,"column":43},"end":{"line":30,"column":138}},{"start":{"line":30,"column":141},"end":{"line":30,"column":145}}],"line":30},"3":{"loc":{"start":{"line":30,"column":43},"end":{"line":30,"column":138}},"type":"cond-expr","locations":[{"start":{"line":30,"column":67},"end":{"line":30,"column":100}},{"start":{"line":30,"column":103},"end":{"line":30,"column":138}}],"line":30},"4":{"loc":{"start":{"line":32,"column":23},"end":{"line":32,"column":78}},"type":"cond-expr","locations":[{"start":{"line":32,"column":43},"end":{"line":32,"column":71}},{"start":{"line":32,"column":74},"end":{"line":32,"column":78}}],"line":32},"5":{"loc":{"start":{"line":33,"column":26},"end":{"line":42,"column":31}},"type":"cond-expr","locations":[{"start":{"line":34,"column":16},"end":{"line":42,"column":18}},{"start":{"line":42,"column":21},"end":{"line":42,"column":31}}],"line":33},"6":{"loc":{"start":{"line":37,"column":26},"end":{"line":37,"column":48}},"type":"cond-expr","locations":[{"start":{"line":37,"column":38},"end":{"line":37,"column":42}},{"start":{"line":37,"column":45},"end":{"line":37,"column":48}}],"line":37}},"s":{"0":0,"1":0,"2":0,"3":0,"4":0,"5":0,"6":0,"7":0,"8":0,"9":0,"10":0,"11":0},"f":{"0":0,"1":0,"2":0,"3":0,"4":0},"b":{"0":[0,0],"1":[0,0],"2":[0,0],"3":[0,0],"4":[0,0],"5":[0,0],"6":[0,0]},"hash":"9dd05148d5636918f3ea180b61441723311c80e3"}
,"/Users/miclo/fiximize/app/screens/RehabRecordsDetail/RehabRecordsDetailView/index.ts": {"path":"/Users/miclo/fiximize/app/screens/RehabRecordsDetail/RehabRecordsDetailView/index.ts","statementMap":{},"fnMap":{},"branchMap":{},"s":{},"f":{},"b":{},"hash":"81590ca2c7faa605cd959fdb0d65e0ea820488c5"}
,"/Users/miclo/fiximize/app/screens/RehabRecordsDetail/RehabRecordsDetailView/strings.ts": {"path":"/Users/miclo/fiximize/app/screens/RehabRecordsDetail/RehabRecordsDetailView/strings.ts","statementMap":{"0":{"start":{"line":1,"column":16},"end":{"line":3,"column":1}}},"fnMap":{},"branchMap":{},"s":{"0":0},"f":{},"b":{},"hash":"cb925b5c5b14b4bf411fb3b243d72a7c53356f79"}
,"/Users/miclo/fiximize/app/screens/RehabRecordsDetail/RehabRecordsDetailView/styles.ts": {"path":"/Users/miclo/fiximize/app/screens/RehabRecordsDetail/RehabRecordsDetailView/styles.ts","statementMap":{"0":{"start":{"line":3,"column":15},"end":{"line":7,"column":2}}},"fnMap":{},"branchMap":{},"s":{"0":0},"f":{},"b":{},"hash":"815cff8e6b58898fc865e063c2ea37e7ec9eed09"}
,"/Users/miclo/fiximize/app/screens/TotalDebts/TotalDebts.tsx": {"path":"/Users/miclo/fiximize/app/screens/TotalDebts/TotalDebts.tsx","statementMap":{"0":{"start":{"line":19,"column":72},"end":{"line":61,"column":1}},"1":{"start":{"line":20,"column":25},"end":{"line":20,"column":30}},"2":{"start":{"line":21,"column":15},"end":{"line":21,"column":48}},"3":{"start":{"line":22,"column":18},"end":{"line":22,"column":54}},"4":{"start":{"line":23,"column":21},"end":{"line":23,"column":60}},"5":{"start":{"line":24,"column":22},"end":{"line":24,"column":56}},"6":{"start":{"line":25,"column":23},"end":{"line":25,"column":64}},"7":{"start":{"line":26,"column":32},"end":{"line":26,"column":53}},"8":{"start":{"line":27,"column":38},"end":{"line":27,"column":57}},"9":{"start":{"line":29,"column":61},"end":{"line":31,"column":3}},"10":{"start":{"line":30,"column":4},"end":{"line":30,"column":24}},"11":{"start":{"line":33,"column":48},"end":{"line":39,"column":3}},"12":{"start":{"line":34,"column":4},"end":{"line":36,"column":5}},"13":{"start":{"line":35,"column":6},"end":{"line":35,"column":13}},"14":{"start":{"line":37,"column":29},"end":{"line":37,"column":91}},"15":{"start":{"line":38,"column":4},"end":{"line":38,"column":153}},"16":{"start":{"line":41,"column":2},"end":{"line":46,"column":9}},"17":{"start":{"line":42,"column":4},"end":{"line":42,"column":36}},"18":{"start":{"line":43,"column":4},"end":{"line":45,"column":5}},"19":{"start":{"line":44,"column":6},"end":{"line":44,"column":40}},"20":{"start":{"line":48,"column":2},"end":{"line":52,"column":3}},"21":{"start":{"line":49,"column":4},"end":{"line":51,"column":5}},"22":{"start":{"line":54,"column":2},"end":{"line":60,"column":3}}},"fnMap":{"0":{"name":"(anonymous_0)","decl":{"start":{"line":19,"column":72},"end":{"line":19,"column":73}},"loc":{"start":{"line":19,"column":83},"end":{"line":61,"column":1}},"line":19},"1":{"name":"(anonymous_1)","decl":{"start":{"line":29,"column":61},"end":{"line":29,"column":62}},"loc":{"start":{"line":29,"column":71},"end":{"line":31,"column":3}},"line":29},"2":{"name":"(anonymous_2)","decl":{"start":{"line":33,"column":48},"end":{"line":33,"column":49}},"loc":{"start":{"line":33,"column":54},"end":{"line":39,"column":3}},"line":33},"3":{"name":"(anonymous_3)","decl":{"start":{"line":41,"column":18},"end":{"line":41,"column":19}},"loc":{"start":{"line":41,"column":24},"end":{"line":46,"column":3}},"line":41},"4":{"name":"(anonymous_4)","decl":{"start":{"line":43,"column":11},"end":{"line":43,"column":12}},"loc":{"start":{"line":43,"column":17},"end":{"line":45,"column":5}},"line":43}},"branchMap":{"0":{"loc":{"start":{"line":34,"column":4},"end":{"line":36,"column":5}},"type":"if","locations":[{"start":{"line":34,"column":4},"end":{"line":36,"column":5}},{"start":{"line":34,"column":4},"end":{"line":36,"column":5}}],"line":34},"1":{"loc":{"start":{"line":34,"column":8},"end":{"line":34,"column":48}},"type":"binary-expr","locations":[{"start":{"line":34,"column":8},"end":{"line":34,"column":29}},{"start":{"line":34,"column":33},"end":{"line":34,"column":48}}],"line":34},"2":{"loc":{"start":{"line":37,"column":29},"end":{"line":37,"column":91}},"type":"cond-expr","locations":[{"start":{"line":37,"column":73},"end":{"line":37,"column":82}},{"start":{"line":37,"column":85},"end":{"line":37,"column":91}}],"line":37},"3":{"loc":{"start":{"line":48,"column":2},"end":{"line":52,"column":3}},"type":"if","locations":[{"start":{"line":48,"column":2},"end":{"line":52,"column":3}},{"start":{"line":48,"column":2},"end":{"line":52,"column":3}}],"line":48}},"s":{"0":0,"1":0,"2":0,"3":0,"4":0,"5":0,"6":0,"7":0,"8":0,"9":0,"10":0,"11":0,"12":0,"13":0,"14":0,"15":0,"16":0,"17":0,"18":0,"19":0,"20":0,"21":0,"22":0},"f":{"0":0,"1":0,"2":0,"3":0,"4":0},"b":{"0":[0,0],"1":[0,0],"2":[0,0],"3":[0,0]},"hash":"2020e27e05580841bacebaef34196f14a0236dc5"}
,"/Users/miclo/fiximize/app/screens/TotalDebts/index.ts": {"path":"/Users/miclo/fiximize/app/screens/TotalDebts/index.ts","statementMap":{},"fnMap":{},"branchMap":{},"s":{},"f":{},"b":{},"hash":"5f956b3aa783282a17314a400cdcfb80f1768d53"}
,"/Users/miclo/fiximize/app/screens/TotalDebts/strings.ts": {"path":"/Users/miclo/fiximize/app/screens/TotalDebts/strings.ts","statementMap":{"0":{"start":{"line":1,"column":16},"end":{"line":3,"column":1}}},"fnMap":{},"branchMap":{},"s":{"0":0},"f":{},"b":{},"hash":"674d2db319304ddd895867ed9b640ab753c7e282"}
,"/Users/miclo/fiximize/app/screens/TotalDebts/TotalDebtsView/TotalDebtsView.tsx": {"path":"/Users/miclo/fiximize/app/screens/TotalDebts/TotalDebtsView/TotalDebtsView.tsx","statementMap":{"0":{"start":{"line":13,"column":65},"end":{"line":62,"column":1}},"1":{"start":{"line":14,"column":60},"end":{"line":14,"column":65}},"2":{"start":{"line":16,"column":2},"end":{"line":18,"column":9}},"3":{"start":{"line":17,"column":4},"end":{"line":17,"column":56}},"4":{"start":{"line":17,"column":18},"end":{"line":17,"column":55}},"5":{"start":{"line":20,"column":2},"end":{"line":61,"column":4}}},"fnMap":{"0":{"name":"(anonymous_0)","decl":{"start":{"line":13,"column":65},"end":{"line":13,"column":66}},"loc":{"start":{"line":13,"column":76},"end":{"line":62,"column":1}},"line":13},"1":{"name":"(anonymous_1)","decl":{"start":{"line":16,"column":18},"end":{"line":16,"column":19}},"loc":{"start":{"line":16,"column":24},"end":{"line":18,"column":3}},"line":16},"2":{"name":"(anonymous_2)","decl":{"start":{"line":17,"column":11},"end":{"line":17,"column":12}},"loc":{"start":{"line":17,"column":17},"end":{"line":17,"column":56}},"line":17}},"branchMap":{"0":{"loc":{"start":{"line":24,"column":18},"end":{"line":24,"column":63}},"type":"cond-expr","locations":[{"start":{"line":24,"column":42},"end":{"line":24,"column":51}},{"start":{"line":24,"column":54},"end":{"line":24,"column":63}}],"line":24},"1":{"loc":{"start":{"line":30,"column":17},"end":{"line":30,"column":57}},"type":"binary-expr","locations":[{"start":{"line":30,"column":17},"end":{"line":30,"column":38}},{"start":{"line":30,"column":42},"end":{"line":30,"column":57}}],"line":30}},"s":{"0":0,"1":0,"2":0,"3":0,"4":0,"5":0},"f":{"0":0,"1":0,"2":0},"b":{"0":[0,0],"1":[0,0]},"hash":"54ccdf8e2ceb42a5459a985cf5df822a39297dc8"}
,"/Users/miclo/fiximize/app/screens/TotalDebts/TotalDebtsView/index.ts": {"path":"/Users/miclo/fiximize/app/screens/TotalDebts/TotalDebtsView/index.ts","statementMap":{},"fnMap":{},"branchMap":{},"s":{},"f":{},"b":{},"hash":"92e57a8afe26ae7488f8ec3a9a7937e734fab97c"}
,"/Users/miclo/fiximize/app/screens/TotalDebts/TotalDebtsView/strings.ts": {"path":"/Users/miclo/fiximize/app/screens/TotalDebts/TotalDebtsView/strings.ts","statementMap":{"0":{"start":{"line":1,"column":16},"end":{"line":3,"column":1}}},"fnMap":{},"branchMap":{},"s":{"0":0},"f":{},"b":{},"hash":"6bbc796a45dc75f1250461288e68892db0f49b78"}
,"/Users/miclo/fiximize/app/screens/TotalDebts/TotalDebtsView/styles.ts": {"path":"/Users/miclo/fiximize/app/screens/TotalDebts/TotalDebtsView/styles.ts","statementMap":{"0":{"start":{"line":4,"column":15},"end":{"line":36,"column":2}}},"fnMap":{},"branchMap":{},"s":{"0":0},"f":{},"b":{},"hash":"1cee5e818f7879b0c257a33c21d4054cacaad12f"}
,"/Users/miclo/fiximize/app/styles/constants.ts": {"path":"/Users/miclo/fiximize/app/styles/constants.ts","statementMap":{"0":{"start":{"line":3,"column":34},"end":{"line":3,"column":76}},"1":{"start":{"line":4,"column":33},"end":{"line":4,"column":75}},"2":{"start":{"line":5,"column":35},"end":{"line":5,"column":44}},"3":{"start":{"line":6,"column":27},"end":{"line":9,"column":2}},"4":{"start":{"line":10,"column":34},"end":{"line":10,"column":43}},"5":{"start":{"line":11,"column":27},"end":{"line":11,"column":36}},"6":{"start":{"line":12,"column":26},"end":{"line":12,"column":35}},"7":{"start":{"line":13,"column":29},"end":{"line":13,"column":38}},"8":{"start":{"line":14,"column":27},"end":{"line":14,"column":32}}},"fnMap":{},"branchMap":{},"s":{"0":0,"1":0,"2":0,"3":0,"4":0,"5":0,"6":0,"7":0,"8":0},"f":{},"b":{},"hash":"ec34f4fd6f636b2bb12de0985fc1b98837fbf4d4"}
,"/Users/miclo/fiximize/app/styles/index.ts": {"path":"/Users/miclo/fiximize/app/styles/index.ts","statementMap":{},"fnMap":{},"branchMap":{},"s":{},"f":{},"b":{},"hash":"a5d4c99116c3f654811a5201deca9fca4bba3020"}
}
